This is pdfTeX, Version 3.141592653-2.6-1.40.25 (TeX Live 2023) (preloaded format=pdflatex 2023.6.15)  4 FEB 2026 08:29
entering extended mode
 restricted \write18 enabled.
 %&-line parsing enabled.
**Ausarbeitung.tex
(./Ausarbeitung.tex
LaTeX2e <2022-11-01> patch level 1
L3 programming layer <2023-02-22>
(/Volumes/Macintosh SSD/local/texlive/2023/texmf-dist/tex/latex/base/article.cl
s
Document Class: article 2022/07/02 v1.4n Standard LaTeX document class

(/Volumes/Macintosh SSD/local/texlive/2023/texmf-dist/tex/latex/base/size12.clo
File: size12.clo 2022/07/02 v1.4n Standard LaTeX file (size option)
)
\c@part=\count185
\c@section=\count186
\c@subsection=\count187
\c@subsubsection=\count188
\c@paragraph=\count189
\c@subparagraph=\count190
\c@figure=\count191
\c@table=\count192
\abovecaptionskip=\skip48
\belowcaptionskip=\skip49
\bibindent=\dimen140
)
(/Volumes/Macintosh SSD/local/texlive/2023/texmf-dist/tex/latex/base/inputenc.s
ty
Package: inputenc 2021/02/14 v1.3d Input encoding file
\inpenc@prehook=\toks16
\inpenc@posthook=\toks17
)
(/Volumes/Macintosh SSD/local/texlive/2023/texmf-dist/tex/latex/base/fontenc.st
y
Package: fontenc 2021/04/29 v2.0v Standard LaTeX package
)
(/Volumes/Macintosh SSD/local/texlive/2023/texmf-dist/tex/generic/babel/babel.s
ty
Package: babel 2023/02/13 3.86 The Babel package
\babel@savecnt=\count193
\U@D=\dimen141
\l@unhyphenated=\language87

(/Volumes/Macintosh SSD/local/texlive/2023/texmf-dist/tex/generic/babel/txtbabe
l.def)
\bbl@readstream=\read2
\bbl@dirlevel=\count194

(/Volumes/Macintosh SSD/local/texlive/2023/texmf-dist/tex/generic/babel-german/
ngerman.ldf
Language: ngerman 2021/02/27 v2.13 German support for babel (post-1996 orthogra
phy)

(/Volumes/Macintosh SSD/local/texlive/2023/texmf-dist/tex/generic/babel-german/
ngermanb.ldf
Language: ngermanb 2021/02/27 v2.13 German support for babel (post-1996 orthogr
aphy)
Package babel Info: Making " an active character on input line 122.
)))
(/Volumes/Macintosh SSD/local/texlive/2023/texmf-dist/tex/generic/babel/locale/
de/babel-ngerman.tex
Package babel Info: Importing font and identification data for ngerman
(babel)             from babel-de.ini. Reported on input line 11.
)
(/Volumes/Macintosh SSD/local/texlive/2023/texmf-dist/tex/latex/amsmath/amsmath
.sty
Package: amsmath 2022/04/08 v2.17n AMS math features
\@mathmargin=\skip50

For additional information on amsmath, use the `?' option.

(/Volumes/Macintosh SSD/local/texlive/2023/texmf-dist/tex/latex/amsmath/amstext
.sty
Package: amstext 2021/08/26 v2.01 AMS text

(/Volumes/Macintosh SSD/local/texlive/2023/texmf-dist/tex/latex/amsmath/amsgen.
sty
File: amsgen.sty 1999/11/30 v2.0 generic functions
\@emptytoks=\toks18
\ex@=\dimen142
))
(/Volumes/Macintosh SSD/local/texlive/2023/texmf-dist/tex/latex/amsmath/amsbsy.
sty
Package: amsbsy 1999/11/29 v1.2d Bold Symbols
\pmbraise@=\dimen143
)
(/Volumes/Macintosh SSD/local/texlive/2023/texmf-dist/tex/latex/amsmath/amsopn.
sty
Package: amsopn 2022/04/08 v2.04 operator names
)
\inf@bad=\count195
LaTeX Info: Redefining \frac on input line 234.
\uproot@=\count196
\leftroot@=\count197
LaTeX Info: Redefining \overline on input line 399.
LaTeX Info: Redefining \colon on input line 410.
\classnum@=\count198
\DOTSCASE@=\count199
LaTeX Info: Redefining \ldots on input line 496.
LaTeX Info: Redefining \dots on input line 499.
LaTeX Info: Redefining \cdots on input line 620.
\Mathstrutbox@=\box51
\strutbox@=\box52
LaTeX Info: Redefining \big on input line 722.
LaTeX Info: Redefining \Big on input line 723.
LaTeX Info: Redefining \bigg on input line 724.
LaTeX Info: Redefining \Bigg on input line 725.
\big@size=\dimen144
LaTeX Font Info:    Redeclaring font encoding OML on input line 743.
LaTeX Font Info:    Redeclaring font encoding OMS on input line 744.
\macc@depth=\count266
LaTeX Info: Redefining \bmod on input line 905.
LaTeX Info: Redefining \pmod on input line 910.
LaTeX Info: Redefining \smash on input line 940.
LaTeX Info: Redefining \relbar on input line 970.
LaTeX Info: Redefining \Relbar on input line 971.
\c@MaxMatrixCols=\count267
\dotsspace@=\muskip16
\c@parentequation=\count268
\dspbrk@lvl=\count269
\tag@help=\toks19
\row@=\count270
\column@=\count271
\maxfields@=\count272
\andhelp@=\toks20
\eqnshift@=\dimen145
\alignsep@=\dimen146
\tagshift@=\dimen147
\tagwidth@=\dimen148
\totwidth@=\dimen149
\lineht@=\dimen150
\@envbody=\toks21
\multlinegap=\skip51
\multlinetaggap=\skip52
\mathdisplay@stack=\toks22
LaTeX Info: Redefining \[ on input line 2953.
LaTeX Info: Redefining \] on input line 2954.
)
(/Volumes/Macintosh SSD/local/texlive/2023/texmf-dist/tex/latex/amsfonts/amssym
b.sty
Package: amssymb 2013/01/14 v3.01 AMS font symbols

(/Volumes/Macintosh SSD/local/texlive/2023/texmf-dist/tex/latex/amsfonts/amsfon
ts.sty
Package: amsfonts 2013/01/14 v3.01 Basic AMSFonts support
\symAMSa=\mathgroup4
\symAMSb=\mathgroup5
LaTeX Font Info:    Redeclaring math symbol \hbar on input line 98.
LaTeX Font Info:    Overwriting math alphabet `\mathfrak' in version `bold'
(Font)                  U/euf/m/n --> U/euf/b/n on input line 106.
))
(/Volumes/Macintosh SSD/local/texlive/2023/texmf-dist/tex/latex/amscls/amsthm.s
ty
Package: amsthm 2020/05/29 v2.20.6
\thm@style=\toks23
\thm@bodyfont=\toks24
\thm@headfont=\toks25
\thm@notefont=\toks26
\thm@headpunct=\toks27
\thm@preskip=\skip53
\thm@postskip=\skip54
\thm@headsep=\skip55
\dth@everypar=\toks28
)
(/Volumes/Macintosh SSD/local/texlive/2023/texmf-dist/tex/latex/graphics/graphi
cx.sty
Package: graphicx 2021/09/16 v1.2d Enhanced LaTeX Graphics (DPC,SPQR)

(/Volumes/Macintosh SSD/local/texlive/2023/texmf-dist/tex/latex/graphics/keyval
.sty
Package: keyval 2022/05/29 v1.15 key=value parser (DPC)
\KV@toks@=\toks29
)
(/Volumes/Macintosh SSD/local/texlive/2023/texmf-dist/tex/latex/graphics/graphi
cs.sty
Package: graphics 2022/03/10 v1.4e Standard LaTeX Graphics (DPC,SPQR)

(/Volumes/Macintosh SSD/local/texlive/2023/texmf-dist/tex/latex/graphics/trig.s
ty
Package: trig 2021/08/11 v1.11 sin cos tan (DPC)
)
(/Volumes/Macintosh SSD/local/texlive/2023/texmf-dist/tex/latex/graphics-cfg/gr
aphics.cfg
File: graphics.cfg 2016/06/04 v1.11 sample graphics configuration
)
Package graphics Info: Driver file: pdftex.def on input line 107.

(/Volumes/Macintosh SSD/local/texlive/2023/texmf-dist/tex/latex/graphics-def/pd
ftex.def
File: pdftex.def 2022/09/22 v1.2b Graphics/color driver for pdftex
))
\Gin@req@height=\dimen151
\Gin@req@width=\dimen152
)
(/Volumes/Macintosh SSD/local/texlive/2023/texmf-dist/tex/latex/geometry/geomet
ry.sty
Package: geometry 2020/01/02 v5.9 Page Geometry

(/Volumes/Macintosh SSD/local/texlive/2023/texmf-dist/tex/generic/iftex/ifvtex.
sty
Package: ifvtex 2019/10/25 v1.7 ifvtex legacy package. Use iftex instead.

(/Volumes/Macintosh SSD/local/texlive/2023/texmf-dist/tex/generic/iftex/iftex.s
ty
Package: iftex 2022/02/03 v1.0f TeX engine tests
))
\Gm@cnth=\count273
\Gm@cntv=\count274
\c@Gm@tempcnt=\count275
\Gm@bindingoffset=\dimen153
\Gm@wd@mp=\dimen154
\Gm@odd@mp=\dimen155
\Gm@even@mp=\dimen156
\Gm@layoutwidth=\dimen157
\Gm@layoutheight=\dimen158
\Gm@layouthoffset=\dimen159
\Gm@layoutvoffset=\dimen160
\Gm@dimlist=\toks30
)
(/Volumes/Macintosh SSD/local/texlive/2023/texmf-dist/tex/latex/hyperref/hyperr
ef.sty
Package: hyperref 2023-02-07 v7.00v Hypertext links for LaTeX

(/Volumes/Macintosh SSD/local/texlive/2023/texmf-dist/tex/generic/ltxcmds/ltxcm
ds.sty
Package: ltxcmds 2020-05-10 v1.25 LaTeX kernel commands for general use (HO)
)
(/Volumes/Macintosh SSD/local/texlive/2023/texmf-dist/tex/generic/pdftexcmds/pd
ftexcmds.sty
Package: pdftexcmds 2020-06-27 v0.33 Utility functions of pdfTeX for LuaTeX (HO
)

(/Volumes/Macintosh SSD/local/texlive/2023/texmf-dist/tex/generic/infwarerr/inf
warerr.sty
Package: infwarerr 2019/12/03 v1.5 Providing info/warning/error messages (HO)
)
Package pdftexcmds Info: \pdf@primitive is available.
Package pdftexcmds Info: \pdf@ifprimitive is available.
Package pdftexcmds Info: \pdfdraftmode found.
)
(/Volumes/Macintosh SSD/local/texlive/2023/texmf-dist/tex/latex/kvsetkeys/kvset
keys.sty
Package: kvsetkeys 2022-10-05 v1.19 Key value parser (HO)
)
(/Volumes/Macintosh SSD/local/texlive/2023/texmf-dist/tex/generic/kvdefinekeys/
kvdefinekeys.sty
Package: kvdefinekeys 2019-12-19 v1.6 Define keys (HO)
)
(/Volumes/Macintosh SSD/local/texlive/2023/texmf-dist/tex/generic/pdfescape/pdf
escape.sty
Package: pdfescape 2019/12/09 v1.15 Implements pdfTeX's escape features (HO)
)
(/Volumes/Macintosh SSD/local/texlive/2023/texmf-dist/tex/latex/hycolor/hycolor
.sty
Package: hycolor 2020-01-27 v1.10 Color options for hyperref/bookmark (HO)
)
(/Volumes/Macintosh SSD/local/texlive/2023/texmf-dist/tex/latex/letltxmacro/let
ltxmacro.sty
Package: letltxmacro 2019/12/03 v1.6 Let assignment for LaTeX macros (HO)
)
(/Volumes/Macintosh SSD/local/texlive/2023/texmf-dist/tex/latex/auxhook/auxhook
.sty
Package: auxhook 2019-12-17 v1.6 Hooks for auxiliary files (HO)
)
(/Volumes/Macintosh SSD/local/texlive/2023/texmf-dist/tex/latex/hyperref/namere
f.sty
Package: nameref 2022-05-17 v2.50 Cross-referencing by name of section

(/Volumes/Macintosh SSD/local/texlive/2023/texmf-dist/tex/latex/refcount/refcou
nt.sty
Package: refcount 2019/12/15 v3.6 Data extraction from label references (HO)
)
(/Volumes/Macintosh SSD/local/texlive/2023/texmf-dist/tex/generic/gettitlestrin
g/gettitlestring.sty
Package: gettitlestring 2019/12/15 v1.6 Cleanup title references (HO)

(/Volumes/Macintosh SSD/local/texlive/2023/texmf-dist/tex/latex/kvoptions/kvopt
ions.sty
Package: kvoptions 2022-06-15 v3.15 Key value format for package options (HO)
))
\c@section@level=\count276
)
\@linkdim=\dimen161
\Hy@linkcounter=\count277
\Hy@pagecounter=\count278

(/Volumes/Macintosh SSD/local/texlive/2023/texmf-dist/tex/latex/hyperref/pd1enc
.def
File: pd1enc.def 2023-02-07 v7.00v Hyperref: PDFDocEncoding definition (HO)
Now handling font encoding PD1 ...
... no UTF-8 mapping file for font encoding PD1
)
(/Volumes/Macintosh SSD/local/texlive/2023/texmf-dist/tex/generic/intcalc/intca
lc.sty
Package: intcalc 2019/12/15 v1.3 Expandable calculations with integers (HO)
)
(/Volumes/Macintosh SSD/local/texlive/2023/texmf-dist/tex/generic/etexcmds/etex
cmds.sty
Package: etexcmds 2019/12/15 v1.7 Avoid name clashes with e-TeX commands (HO)
)
\Hy@SavedSpaceFactor=\count279

(/Volumes/Macintosh SSD/local/texlive/2023/texmf-dist/tex/latex/hyperref/puenc.
def
File: puenc.def 2023-02-07 v7.00v Hyperref: PDF Unicode definition (HO)
Now handling font encoding PU ...
... no UTF-8 mapping file for font encoding PU
)
Package hyperref Info: Hyper figures OFF on input line 4177.
Package hyperref Info: Link nesting OFF on input line 4182.
Package hyperref Info: Hyper index ON on input line 4185.
Package hyperref Info: Plain pages OFF on input line 4192.
Package hyperref Info: Backreferencing OFF on input line 4197.
Package hyperref Info: Implicit mode ON; LaTeX internals redefined.
Package hyperref Info: Bookmarks ON on input line 4425.
\c@Hy@tempcnt=\count280

(/Volumes/Macintosh SSD/local/texlive/2023/texmf-dist/tex/latex/url/url.sty
\Urlmuskip=\muskip17
Package: url 2013/09/16  ver 3.4  Verb mode for urls, etc.
)
LaTeX Info: Redefining \url on input line 4763.
\XeTeXLinkMargin=\dimen162

(/Volumes/Macintosh SSD/local/texlive/2023/texmf-dist/tex/generic/bitset/bitset
.sty
Package: bitset 2019/12/09 v1.3 Handle bit-vector datatype (HO)

(/Volumes/Macintosh SSD/local/texlive/2023/texmf-dist/tex/generic/bigintcalc/bi
gintcalc.sty
Package: bigintcalc 2019/12/15 v1.5 Expandable calculations on big integers (HO
)
))
\Fld@menulength=\count281
\Field@Width=\dimen163
\Fld@charsize=\dimen164
Package hyperref Info: Hyper figures OFF on input line 6042.
Package hyperref Info: Link nesting OFF on input line 6047.
Package hyperref Info: Hyper index ON on input line 6050.
Package hyperref Info: backreferencing OFF on input line 6057.
Package hyperref Info: Link coloring OFF on input line 6062.
Package hyperref Info: Link coloring with OCG OFF on input line 6067.
Package hyperref Info: PDF/A mode OFF on input line 6072.

(/Volumes/Macintosh SSD/local/texlive/2023/texmf-dist/tex/latex/base/atbegshi-l
tx.sty
Package: atbegshi-ltx 2021/01/10 v1.0c Emulation of the original atbegshi
package with kernel methods
)
\Hy@abspage=\count282
\c@Item=\count283
\c@Hfootnote=\count284
)
Package hyperref Info: Driver (autodetected): hpdftex.

(/Volumes/Macintosh SSD/local/texlive/2023/texmf-dist/tex/latex/hyperref/hpdfte
x.def
File: hpdftex.def 2023-02-07 v7.00v Hyperref driver for pdfTeX

(/Volumes/Macintosh SSD/local/texlive/2023/texmf-dist/tex/latex/base/atveryend-
ltx.sty
Package: atveryend-ltx 2020/08/19 v1.0a Emulation of the original atveryend pac
kage
with kernel methods
)
\Fld@listcount=\count285
\c@bookmark@seq@number=\count286

(/Volumes/Macintosh SSD/local/texlive/2023/texmf-dist/tex/latex/rerunfilecheck/
rerunfilecheck.sty
Package: rerunfilecheck 2022-07-10 v1.10 Rerun checks for auxiliary files (HO)

(/Volumes/Macintosh SSD/local/texlive/2023/texmf-dist/tex/generic/uniquecounter
/uniquecounter.sty
Package: uniquecounter 2019/12/15 v1.4 Provide unlimited unique counter (HO)
)
Package uniquecounter Info: New unique counter `rerunfilecheck' on input line 2
85.
)
\Hy@SectionHShift=\skip56
)
(/Volumes/Macintosh SSD/local/texlive/2023/texmf-dist/tex/latex/booktabs/bookta
bs.sty
Package: booktabs 2020/01/12 v1.61803398 Publication quality tables
\heavyrulewidth=\dimen165
\lightrulewidth=\dimen166
\cmidrulewidth=\dimen167
\belowrulesep=\dimen168
\belowbottomsep=\dimen169
\aboverulesep=\dimen170
\abovetopsep=\dimen171
\cmidrulesep=\dimen172
\cmidrulekern=\dimen173
\defaultaddspace=\dimen174
\@cmidla=\count287
\@cmidlb=\count288
\@aboverulesep=\dimen175
\@belowrulesep=\dimen176
\@thisruleclass=\count289
\@lastruleclass=\count290
\@thisrulewidth=\dimen177
)
(/Volumes/Macintosh SSD/local/texlive/2023/texmf-dist/tex/latex/pgf/frontendlay
er/tikz.sty
(/Volumes/Macintosh SSD/local/texlive/2023/texmf-dist/tex/latex/pgf/basiclayer/
pgf.sty
(/Volumes/Macintosh SSD/local/texlive/2023/texmf-dist/tex/latex/pgf/utilities/p
gfrcs.sty
(/Volumes/Macintosh SSD/local/texlive/2023/texmf-dist/tex/generic/pgf/utilities
/pgfutil-common.tex
\pgfutil@everybye=\toks31
\pgfutil@tempdima=\dimen178
\pgfutil@tempdimb=\dimen179
)
(/Volumes/Macintosh SSD/local/texlive/2023/texmf-dist/tex/generic/pgf/utilities
/pgfutil-latex.def
\pgfutil@abb=\box53
)
(/Volumes/Macintosh SSD/local/texlive/2023/texmf-dist/tex/generic/pgf/utilities
/pgfrcs.code.tex
(/Volumes/Macintosh SSD/local/texlive/2023/texmf-dist/tex/generic/pgf/pgf.revis
ion.tex)
Package: pgfrcs 2023-01-15 v3.1.10 (3.1.10)
))
Package: pgf 2023-01-15 v3.1.10 (3.1.10)

(/Volumes/Macintosh SSD/local/texlive/2023/texmf-dist/tex/latex/pgf/basiclayer/
pgfcore.sty
(/Volumes/Macintosh SSD/local/texlive/2023/texmf-dist/tex/latex/pgf/systemlayer
/pgfsys.sty
(/Volumes/Macintosh SSD/local/texlive/2023/texmf-dist/tex/generic/pgf/systemlay
er/pgfsys.code.tex
Package: pgfsys 2023-01-15 v3.1.10 (3.1.10)

(/Volumes/Macintosh SSD/local/texlive/2023/texmf-dist/tex/generic/pgf/utilities
/pgfkeys.code.tex
\pgfkeys@pathtoks=\toks32
\pgfkeys@temptoks=\toks33

(/Volumes/Macintosh SSD/local/texlive/2023/texmf-dist/tex/generic/pgf/utilities
/pgfkeyslibraryfiltered.code.tex
\pgfkeys@tmptoks=\toks34
))
\pgf@x=\dimen180
\pgf@y=\dimen181
\pgf@xa=\dimen182
\pgf@ya=\dimen183
\pgf@xb=\dimen184
\pgf@yb=\dimen185
\pgf@xc=\dimen186
\pgf@yc=\dimen187
\pgf@xd=\dimen188
\pgf@yd=\dimen189
\w@pgf@writea=\write3
\r@pgf@reada=\read3
\c@pgf@counta=\count291
\c@pgf@countb=\count292
\c@pgf@countc=\count293
\c@pgf@countd=\count294
\t@pgf@toka=\toks35
\t@pgf@tokb=\toks36
\t@pgf@tokc=\toks37
\pgf@sys@id@count=\count295

(/Volumes/Macintosh SSD/local/texlive/2023/texmf-dist/tex/generic/pgf/systemlay
er/pgf.cfg
File: pgf.cfg 2023-01-15 v3.1.10 (3.1.10)
)
Driver file for pgf: pgfsys-pdftex.def

(/Volumes/Macintosh SSD/local/texlive/2023/texmf-dist/tex/generic/pgf/systemlay
er/pgfsys-pdftex.def
File: pgfsys-pdftex.def 2023-01-15 v3.1.10 (3.1.10)

(/Volumes/Macintosh SSD/local/texlive/2023/texmf-dist/tex/generic/pgf/systemlay
er/pgfsys-common-pdf.def
File: pgfsys-common-pdf.def 2023-01-15 v3.1.10 (3.1.10)
)))
(/Volumes/Macintosh SSD/local/texlive/2023/texmf-dist/tex/generic/pgf/systemlay
er/pgfsyssoftpath.code.tex
File: pgfsyssoftpath.code.tex 2023-01-15 v3.1.10 (3.1.10)
\pgfsyssoftpath@smallbuffer@items=\count296
\pgfsyssoftpath@bigbuffer@items=\count297
)
(/Volumes/Macintosh SSD/local/texlive/2023/texmf-dist/tex/generic/pgf/systemlay
er/pgfsysprotocol.code.tex
File: pgfsysprotocol.code.tex 2023-01-15 v3.1.10 (3.1.10)
))
(/Volumes/Macintosh SSD/local/texlive/2023/texmf-dist/tex/latex/xcolor/xcolor.s
ty
Package: xcolor 2022/06/12 v2.14 LaTeX color extensions (UK)

(/Volumes/Macintosh SSD/local/texlive/2023/texmf-dist/tex/latex/graphics-cfg/co
lor.cfg
File: color.cfg 2016/01/02 v1.6 sample color configuration
)
Package xcolor Info: Driver file: pdftex.def on input line 227.

(/Volumes/Macintosh SSD/local/texlive/2023/texmf-dist/tex/latex/graphics/mathco
lor.ltx)
Package xcolor Info: Model `cmy' substituted by `cmy0' on input line 1353.
Package xcolor Info: Model `hsb' substituted by `rgb' on input line 1357.
Package xcolor Info: Model `RGB' extended on input line 1369.
Package xcolor Info: Model `HTML' substituted by `rgb' on input line 1371.
Package xcolor Info: Model `Hsb' substituted by `hsb' on input line 1372.
Package xcolor Info: Model `tHsb' substituted by `hsb' on input line 1373.
Package xcolor Info: Model `HSB' substituted by `hsb' on input line 1374.
Package xcolor Info: Model `Gray' substituted by `gray' on input line 1375.
Package xcolor Info: Model `wave' substituted by `hsb' on input line 1376.
)
(/Volumes/Macintosh SSD/local/texlive/2023/texmf-dist/tex/generic/pgf/basiclaye
r/pgfcore.code.tex
Package: pgfcore 2023-01-15 v3.1.10 (3.1.10)

(/Volumes/Macintosh SSD/local/texlive/2023/texmf-dist/tex/generic/pgf/math/pgfm
ath.code.tex
(/Volumes/Macintosh SSD/local/texlive/2023/texmf-dist/tex/generic/pgf/math/pgfm
athutil.code.tex)
(/Volumes/Macintosh SSD/local/texlive/2023/texmf-dist/tex/generic/pgf/math/pgfm
athparser.code.tex
\pgfmath@dimen=\dimen190
\pgfmath@count=\count298
\pgfmath@box=\box54
\pgfmath@toks=\toks38
\pgfmath@stack@operand=\toks39
\pgfmath@stack@operation=\toks40
)
(/Volumes/Macintosh SSD/local/texlive/2023/texmf-dist/tex/generic/pgf/math/pgfm
athfunctions.code.tex)
(/Volumes/Macintosh SSD/local/texlive/2023/texmf-dist/tex/generic/pgf/math/pgfm
athfunctions.basic.code.tex)
(/Volumes/Macintosh SSD/local/texlive/2023/texmf-dist/tex/generic/pgf/math/pgfm
athfunctions.trigonometric.code.tex)
(/Volumes/Macintosh SSD/local/texlive/2023/texmf-dist/tex/generic/pgf/math/pgfm
athfunctions.random.code.tex)
(/Volumes/Macintosh SSD/local/texlive/2023/texmf-dist/tex/generic/pgf/math/pgfm
athfunctions.comparison.code.tex)
(/Volumes/Macintosh SSD/local/texlive/2023/texmf-dist/tex/generic/pgf/math/pgfm
athfunctions.base.code.tex)
(/Volumes/Macintosh SSD/local/texlive/2023/texmf-dist/tex/generic/pgf/math/pgfm
athfunctions.round.code.tex)
(/Volumes/Macintosh SSD/local/texlive/2023/texmf-dist/tex/generic/pgf/math/pgfm
athfunctions.misc.code.tex)
(/Volumes/Macintosh SSD/local/texlive/2023/texmf-dist/tex/generic/pgf/math/pgfm
athfunctions.integerarithmetics.code.tex)
(/Volumes/Macintosh SSD/local/texlive/2023/texmf-dist/tex/generic/pgf/math/pgfm
athcalc.code.tex)
(/Volumes/Macintosh SSD/local/texlive/2023/texmf-dist/tex/generic/pgf/math/pgfm
athfloat.code.tex
\c@pgfmathroundto@lastzeros=\count299
))
(/Volumes/Macintosh SSD/local/texlive/2023/texmf-dist/tex/generic/pgf/math/pgfi
nt.code.tex)
(/Volumes/Macintosh SSD/local/texlive/2023/texmf-dist/tex/generic/pgf/basiclaye
r/pgfcorepoints.code.tex
File: pgfcorepoints.code.tex 2023-01-15 v3.1.10 (3.1.10)
\pgf@picminx=\dimen191
\pgf@picmaxx=\dimen192
\pgf@picminy=\dimen193
\pgf@picmaxy=\dimen194
\pgf@pathminx=\dimen195
\pgf@pathmaxx=\dimen196
\pgf@pathminy=\dimen197
\pgf@pathmaxy=\dimen198
\pgf@xx=\dimen199
\pgf@xy=\dimen256
\pgf@yx=\dimen257
\pgf@yy=\dimen258
\pgf@zx=\dimen259
\pgf@zy=\dimen260
)
(/Volumes/Macintosh SSD/local/texlive/2023/texmf-dist/tex/generic/pgf/basiclaye
r/pgfcorepathconstruct.code.tex
File: pgfcorepathconstruct.code.tex 2023-01-15 v3.1.10 (3.1.10)
\pgf@path@lastx=\dimen261
\pgf@path@lasty=\dimen262
)
(/Volumes/Macintosh SSD/local/texlive/2023/texmf-dist/tex/generic/pgf/basiclaye
r/pgfcorepathusage.code.tex
File: pgfcorepathusage.code.tex 2023-01-15 v3.1.10 (3.1.10)
\pgf@shorten@end@additional=\dimen263
\pgf@shorten@start@additional=\dimen264
)
(/Volumes/Macintosh SSD/local/texlive/2023/texmf-dist/tex/generic/pgf/basiclaye
r/pgfcorescopes.code.tex
File: pgfcorescopes.code.tex 2023-01-15 v3.1.10 (3.1.10)
\pgfpic=\box55
\pgf@hbox=\box56
\pgf@layerbox@main=\box57
\pgf@picture@serial@count=\count300
)
(/Volumes/Macintosh SSD/local/texlive/2023/texmf-dist/tex/generic/pgf/basiclaye
r/pgfcoregraphicstate.code.tex
File: pgfcoregraphicstate.code.tex 2023-01-15 v3.1.10 (3.1.10)
\pgflinewidth=\dimen265
)
(/Volumes/Macintosh SSD/local/texlive/2023/texmf-dist/tex/generic/pgf/basiclaye
r/pgfcoretransformations.code.tex
File: pgfcoretransformations.code.tex 2023-01-15 v3.1.10 (3.1.10)
\pgf@pt@x=\dimen266
\pgf@pt@y=\dimen267
\pgf@pt@temp=\dimen268
)
(/Volumes/Macintosh SSD/local/texlive/2023/texmf-dist/tex/generic/pgf/basiclaye
r/pgfcorequick.code.tex
File: pgfcorequick.code.tex 2023-01-15 v3.1.10 (3.1.10)
)
(/Volumes/Macintosh SSD/local/texlive/2023/texmf-dist/tex/generic/pgf/basiclaye
r/pgfcoreobjects.code.tex
File: pgfcoreobjects.code.tex 2023-01-15 v3.1.10 (3.1.10)
)
(/Volumes/Macintosh SSD/local/texlive/2023/texmf-dist/tex/generic/pgf/basiclaye
r/pgfcorepathprocessing.code.tex
File: pgfcorepathprocessing.code.tex 2023-01-15 v3.1.10 (3.1.10)
)
(/Volumes/Macintosh SSD/local/texlive/2023/texmf-dist/tex/generic/pgf/basiclaye
r/pgfcorearrows.code.tex
File: pgfcorearrows.code.tex 2023-01-15 v3.1.10 (3.1.10)
\pgfarrowsep=\dimen269
)
(/Volumes/Macintosh SSD/local/texlive/2023/texmf-dist/tex/generic/pgf/basiclaye
r/pgfcoreshade.code.tex
File: pgfcoreshade.code.tex 2023-01-15 v3.1.10 (3.1.10)
\pgf@max=\dimen270
\pgf@sys@shading@range@num=\count301
\pgf@shadingcount=\count302
)
(/Volumes/Macintosh SSD/local/texlive/2023/texmf-dist/tex/generic/pgf/basiclaye
r/pgfcoreimage.code.tex
File: pgfcoreimage.code.tex 2023-01-15 v3.1.10 (3.1.10)
)
(/Volumes/Macintosh SSD/local/texlive/2023/texmf-dist/tex/generic/pgf/basiclaye
r/pgfcoreexternal.code.tex
File: pgfcoreexternal.code.tex 2023-01-15 v3.1.10 (3.1.10)
\pgfexternal@startupbox=\box58
)
(/Volumes/Macintosh SSD/local/texlive/2023/texmf-dist/tex/generic/pgf/basiclaye
r/pgfcorelayers.code.tex
File: pgfcorelayers.code.tex 2023-01-15 v3.1.10 (3.1.10)
)
(/Volumes/Macintosh SSD/local/texlive/2023/texmf-dist/tex/generic/pgf/basiclaye
r/pgfcoretransparency.code.tex
File: pgfcoretransparency.code.tex 2023-01-15 v3.1.10 (3.1.10)
)
(/Volumes/Macintosh SSD/local/texlive/2023/texmf-dist/tex/generic/pgf/basiclaye
r/pgfcorepatterns.code.tex
File: pgfcorepatterns.code.tex 2023-01-15 v3.1.10 (3.1.10)
)
(/Volumes/Macintosh SSD/local/texlive/2023/texmf-dist/tex/generic/pgf/basiclaye
r/pgfcorerdf.code.tex
File: pgfcorerdf.code.tex 2023-01-15 v3.1.10 (3.1.10)
)))
(/Volumes/Macintosh SSD/local/texlive/2023/texmf-dist/tex/generic/pgf/modules/p
gfmoduleshapes.code.tex
File: pgfmoduleshapes.code.tex 2023-01-15 v3.1.10 (3.1.10)
\pgfnodeparttextbox=\box59
)
(/Volumes/Macintosh SSD/local/texlive/2023/texmf-dist/tex/generic/pgf/modules/p
gfmoduleplot.code.tex
File: pgfmoduleplot.code.tex 2023-01-15 v3.1.10 (3.1.10)
)
(/Volumes/Macintosh SSD/local/texlive/2023/texmf-dist/tex/latex/pgf/compatibili
ty/pgfcomp-version-0-65.sty
Package: pgfcomp-version-0-65 2023-01-15 v3.1.10 (3.1.10)
\pgf@nodesepstart=\dimen271
\pgf@nodesepend=\dimen272
)
(/Volumes/Macintosh SSD/local/texlive/2023/texmf-dist/tex/latex/pgf/compatibili
ty/pgfcomp-version-1-18.sty
Package: pgfcomp-version-1-18 2023-01-15 v3.1.10 (3.1.10)
))
(/Volumes/Macintosh SSD/local/texlive/2023/texmf-dist/tex/latex/pgf/utilities/p
gffor.sty
(/Volumes/Macintosh SSD/local/texlive/2023/texmf-dist/tex/latex/pgf/utilities/p
gfkeys.sty
(/Volumes/Macintosh SSD/local/texlive/2023/texmf-dist/tex/generic/pgf/utilities
/pgfkeys.code.tex))
(/Volumes/Macintosh SSD/local/texlive/2023/texmf-dist/tex/latex/pgf/math/pgfmat
h.sty
(/Volumes/Macintosh SSD/local/texlive/2023/texmf-dist/tex/generic/pgf/math/pgfm
ath.code.tex))
(/Volumes/Macintosh SSD/local/texlive/2023/texmf-dist/tex/generic/pgf/utilities
/pgffor.code.tex
Package: pgffor 2023-01-15 v3.1.10 (3.1.10)
\pgffor@iter=\dimen273
\pgffor@skip=\dimen274
\pgffor@stack=\toks41
\pgffor@toks=\toks42
))
(/Volumes/Macintosh SSD/local/texlive/2023/texmf-dist/tex/generic/pgf/frontendl
ayer/tikz/tikz.code.tex
Package: tikz 2023-01-15 v3.1.10 (3.1.10)

(/Volumes/Macintosh SSD/local/texlive/2023/texmf-dist/tex/generic/pgf/libraries
/pgflibraryplothandlers.code.tex
File: pgflibraryplothandlers.code.tex 2023-01-15 v3.1.10 (3.1.10)
\pgf@plot@mark@count=\count303
\pgfplotmarksize=\dimen275
)
\tikz@lastx=\dimen276
\tikz@lasty=\dimen277
\tikz@lastxsaved=\dimen278
\tikz@lastysaved=\dimen279
\tikz@lastmovetox=\dimen280
\tikz@lastmovetoy=\dimen281
\tikzleveldistance=\dimen282
\tikzsiblingdistance=\dimen283
\tikz@figbox=\box60
\tikz@figbox@bg=\box61
\tikz@tempbox=\box62
\tikz@tempbox@bg=\box63
\tikztreelevel=\count304
\tikznumberofchildren=\count305
\tikznumberofcurrentchild=\count306
\tikz@fig@count=\count307

(/Volumes/Macintosh SSD/local/texlive/2023/texmf-dist/tex/generic/pgf/modules/p
gfmodulematrix.code.tex
File: pgfmodulematrix.code.tex 2023-01-15 v3.1.10 (3.1.10)
\pgfmatrixcurrentrow=\count308
\pgfmatrixcurrentcolumn=\count309
\pgf@matrix@numberofcolumns=\count310
)
\tikz@expandcount=\count311

(/Volumes/Macintosh SSD/local/texlive/2023/texmf-dist/tex/generic/pgf/frontendl
ayer/tikz/libraries/tikzlibrarytopaths.code.tex
File: tikzlibrarytopaths.code.tex 2023-01-15 v3.1.10 (3.1.10)
)))
(/Volumes/Macintosh SSD/local/texlive/2023/texmf-dist/tex/generic/pgf/libraries
/pgflibraryarrows.meta.code.tex
File: pgflibraryarrows.meta.code.tex 2023-01-15 v3.1.10 (3.1.10)
\pgfarrowinset=\dimen284
\pgfarrowlength=\dimen285
\pgfarrowwidth=\dimen286
\pgfarrowlinewidth=\dimen287
)
(/Volumes/Macintosh SSD/local/texlive/2023/texmf-dist/tex/generic/pgf/frontendl
ayer/tikz/libraries/tikzlibrarypositioning.code.tex
File: tikzlibrarypositioning.code.tex 2023-01-15 v3.1.10 (3.1.10)
)
(/Volumes/Macintosh SSD/local/texlive/2023/texmf-dist/tex/generic/pgf/frontendl
ayer/tikz/libraries/tikzlibrarycalc.code.tex
File: tikzlibrarycalc.code.tex 2023-01-15 v3.1.10 (3.1.10)
)
(/Volumes/Macintosh SSD/local/texlive/2023/texmf-dist/tex/latex/l3backend/l3bac
kend-pdftex.def
File: l3backend-pdftex.def 2023-01-16 L3 backend support: PDF output (pdfTeX)
\l__color_backend_stack_int=\count312
\l__pdf_internal_box=\box64
) (./Ausarbeitung.aux)
\openout1 = `Ausarbeitung.aux'.

LaTeX Font Info:    Checking defaults for OML/cmm/m/it on input line 22.
LaTeX Font Info:    ... okay on input line 22.
LaTeX Font Info:    Checking defaults for OMS/cmsy/m/n on input line 22.
LaTeX Font Info:    ... okay on input line 22.
LaTeX Font Info:    Checking defaults for OT1/cmr/m/n on input line 22.
LaTeX Font Info:    ... okay on input line 22.
LaTeX Font Info:    Checking defaults for T1/cmr/m/n on input line 22.
LaTeX Font Info:    ... okay on input line 22.
LaTeX Font Info:    Checking defaults for TS1/cmr/m/n on input line 22.
LaTeX Font Info:    ... okay on input line 22.
LaTeX Font Info:    Checking defaults for OMX/cmex/m/n on input line 22.
LaTeX Font Info:    ... okay on input line 22.
LaTeX Font Info:    Checking defaults for U/cmr/m/n on input line 22.
LaTeX Font Info:    ... okay on input line 22.
LaTeX Font Info:    Checking defaults for PD1/pdf/m/n on input line 22.
LaTeX Font Info:    ... okay on input line 22.
LaTeX Font Info:    Checking defaults for PU/pdf/m/n on input line 22.
LaTeX Font Info:    ... okay on input line 22.

(/Volumes/Macintosh SSD/local/texlive/2023/texmf-dist/tex/context/base/mkii/sup
p-pdf.mkii
[Loading MPS to PDF converter (version 2006.09.02).]
\scratchcounter=\count313
\scratchdimen=\dimen288
\scratchbox=\box65
\nofMPsegments=\count314
\nofMParguments=\count315
\everyMPshowfont=\toks43
\MPscratchCnt=\count316
\MPscratchDim=\dimen289
\MPnumerator=\count317
\makeMPintoPDFobject=\count318
\everyMPtoPDFconversion=\toks44
)
(/Volumes/Macintosh SSD/local/texlive/2023/texmf-dist/tex/latex/epstopdf-pkg/ep
stopdf-base.sty
Package: epstopdf-base 2020-01-24 v2.11 Base part for package epstopdf
Package epstopdf-base Info: Redefining graphics rule for `.eps' on input line 4
85.

(/Volumes/Macintosh SSD/local/texlive/2023/texmf-dist/tex/latex/latexconfig/eps
topdf-sys.cfg
File: epstopdf-sys.cfg 2010/07/13 v1.3 Configuration of (r)epstopdf for TeX Liv
e
))
*geometry* driver: auto-detecting
*geometry* detected driver: pdftex
*geometry* verbose mode - [ preamble ] result:
* driver: pdftex
* paper: a4paper
* layout: <same size as paper>
* layoutoffset:(h,v)=(0.0pt,0.0pt)
* modes: 
* h-part:(L,W,R)=(71.13188pt, 455.24411pt, 71.13188pt)
* v-part:(T,H,B)=(85.35826pt, 674.33032pt, 85.35826pt)
* \paperwidth=597.50787pt
* \paperheight=845.04684pt
* \textwidth=455.24411pt
* \textheight=674.33032pt
* \oddsidemargin=-1.1381pt
* \evensidemargin=-1.1381pt
* \topmargin=-23.91173pt
* \headheight=12.0pt
* \headsep=25.0pt
* \topskip=12.0pt
* \footskip=30.0pt
* \marginparwidth=35.0pt
* \marginparsep=10.0pt
* \columnsep=10.0pt
* \skip\footins=10.8pt plus 4.0pt minus 2.0pt
* \hoffset=0.0pt
* \voffset=0.0pt
* \mag=1000
* \@twocolumnfalse
* \@twosidefalse
* \@mparswitchfalse
* \@reversemarginfalse
* (1in=72.27pt=25.4mm, 1cm=28.453pt)

Package hyperref Info: Link coloring OFF on input line 22.
(./Ausarbeitung.out) (./Ausarbeitung.out)
\@outlinefile=\write4
\openout4 = `Ausarbeitung.out'.

LaTeX Font Info:    Trying to load font information for U+msa on input line 25.


(/Volumes/Macintosh SSD/local/texlive/2023/texmf-dist/tex/latex/amsfonts/umsa.f
d
File: umsa.fd 2013/01/14 v3.01 AMS symbols A
)
LaTeX Font Info:    Trying to load font information for U+msb on input line 25.


(/Volumes/Macintosh SSD/local/texlive/2023/texmf-dist/tex/latex/amsfonts/umsb.f
d
File: umsb.fd 2013/01/14 v3.01 AMS symbols B
) (./Ausarbeitung.toc)
\tf@toc=\write5
\openout5 = `Ausarbeitung.toc'.

 [1

{/Volumes/Macintosh SSD/local/texlive/2023/texmf-var/fonts/map/pdftex/updmap/pd
ftex.map}{/Volumes/Macintosh SSD/local/texlive/2023/texmf-dist/fonts/enc/dvips/
cm-super/cm-super-t1.enc}] [2] [3{/Volumes/Macintosh SSD/local/texlive/2023/tex
mf-dist/fonts/enc/dvips/cm-super/cm-super-ts1.enc}]
[4] [5] (./Ausarbeitung.aux)
Package rerunfilecheck Info: File `Ausarbeitung.out' has not changed.
(rerunfilecheck)             Checksum: 91677C4E2B0424E4BC5ABE4316751E8B;2305.
 ) 
Here is how much of TeX's memory you used:
 22801 strings out of 476025
 433038 string characters out of 5790017
 1863388 words of memory out of 5000000
 42831 multiletter control sequences out of 15000+600000
 528127 words of font info for 75 fonts, out of 8000000 for 9000
 1141 hyphenation exceptions out of 8191
 84i,6n,89p,589b,650s stack positions out of 10000i,1000n,20000p,200000b,200000s
</Volumes/Macintosh SSD/local/texlive/2023/texmf-dist/fonts/type1/public/amsf
onts/cm/cmex10.pfb></Volumes/Macintosh SSD/local/texlive/2023/texmf-dist/fonts/
type1/public/amsfonts/cm/cmmi12.pfb></Volumes/Macintosh SSD/local/texlive/2023/
texmf-dist/fonts/type1/public/amsfonts/cm/cmmi6.pfb></Volumes/Macintosh SSD/loc
al/texlive/2023/texmf-dist/fonts/type1/public/amsfonts/cm/cmmi8.pfb></Volumes/M
acintosh SSD/local/texlive/2023/texmf-dist/fonts/type1/public/amsfonts/cm/cmr12
.pfb></Volumes/Macintosh SSD/local/texlive/2023/texmf-dist/fonts/type1/public/a
msfonts/cm/cmr8.pfb></Volumes/Macintosh SSD/local/texlive/2023/texmf-dist/fonts
/type1/public/amsfonts/cm/cmsy10.pfb></Volumes/Macintosh SSD/local/texlive/2023
/texmf-dist/fonts/type1/public/amsfonts/cm/cmsy8.pfb></Volumes/Macintosh SSD/lo
cal/texlive/2023/texmf-dist/fonts/type1/public/cm-super/sfbx1200.pfb></Volumes/
Macintosh SSD/local/texlive/2023/texmf-dist/fonts/type1/public/cm-super/sfbx144
0.pfb></Volumes/Macintosh SSD/local/texlive/2023/texmf-dist/fonts/type1/public/
cm-super/sfbx1728.pfb></Volumes/Macintosh SSD/local/texlive/2023/texmf-dist/fon
ts/type1/public/cm-super/sfrm0600.pfb></Volumes/Macintosh SSD/local/texlive/202
3/texmf-dist/fonts/type1/public/cm-super/sfrm1200.pfb></Volumes/Macintosh SSD/l
ocal/texlive/2023/texmf-dist/fonts/type1/public/cm-super/sfrm1440.pfb></Volumes
/Macintosh SSD/local/texlive/2023/texmf-dist/fonts/type1/public/cm-super/sfrm20
74.pfb></Volumes/Macintosh SSD/local/texlive/2023/texmf-dist/fonts/type1/public
/cm-super/sfti1200.pfb>
Output written on Ausarbeitung.pdf (5 pages, 257285 bytes).
PDF statistics:
 206 PDF objects out of 1000 (max. 8388607)
 164 compressed objects within 2 object streams
 35 named destinations out of 1000 (max. 500000)
 117 words of extra memory for PDF output out of 10000 (max. 10000000)

