This is pdfTeX, Version 3.141592653-2.6-1.40.25 (TeX Live 2023) (preloaded format=pdflatex 2023.6.15)  1 MAR 2026 13:23
entering extended mode
 restricted \write18 enabled.
 %&-line parsing enabled.
**Vortrag.tex
(./Vortrag.tex
LaTeX2e <2022-11-01> patch level 1
L3 programming layer <2023-02-22>
(/Volumes/Macintosh SSD/local/texlive/2023/texmf-dist/tex/latex/beamer/beamer.c
ls
Document Class: beamer 2023/02/20 v3.69 A class for typesetting presentations

(/Volumes/Macintosh SSD/local/texlive/2023/texmf-dist/tex/latex/beamer/beamerba
semodes.sty
(/Volumes/Macintosh SSD/local/texlive/2023/texmf-dist/tex/latex/etoolbox/etoolb
ox.sty
Package: etoolbox 2020/10/05 v2.5k e-TeX tools for LaTeX (JAW)
\etb@tempcnta=\count185
)
\beamer@tempbox=\box51
\beamer@tempcount=\count186
\c@beamerpauses=\count187

(/Volumes/Macintosh SSD/local/texlive/2023/texmf-dist/tex/latex/beamer/beamerba
sedecode.sty
\beamer@slideinframe=\count188
\beamer@minimum=\count189
\beamer@decode@box=\box52
)
\beamer@commentbox=\box53
\beamer@modecount=\count190
)
(/Volumes/Macintosh SSD/local/texlive/2023/texmf-dist/tex/generic/iftex/iftex.s
ty
Package: iftex 2022/02/03 v1.0f TeX engine tests
)
\headdp=\dimen140
\footheight=\dimen141
\sidebarheight=\dimen142
\beamer@tempdim=\dimen143
\beamer@finalheight=\dimen144
\beamer@animht=\dimen145
\beamer@animdp=\dimen146
\beamer@animwd=\dimen147
\beamer@leftmargin=\dimen148
\beamer@rightmargin=\dimen149
\beamer@leftsidebar=\dimen150
\beamer@rightsidebar=\dimen151
\beamer@boxsize=\dimen152
\beamer@vboxoffset=\dimen153
\beamer@descdefault=\dimen154
\beamer@descriptionwidth=\dimen155
\beamer@lastskip=\skip48
\beamer@areabox=\box54
\beamer@animcurrent=\box55
\beamer@animshowbox=\box56
\beamer@sectionbox=\box57
\beamer@logobox=\box58
\beamer@linebox=\box59
\beamer@sectioncount=\count191
\beamer@subsubsectionmax=\count192
\beamer@subsectionmax=\count193
\beamer@sectionmax=\count194
\beamer@totalheads=\count195
\beamer@headcounter=\count196
\beamer@partstartpage=\count197
\beamer@sectionstartpage=\count198
\beamer@subsectionstartpage=\count199
\beamer@animationtempa=\count266
\beamer@animationtempb=\count267
\beamer@xpos=\count268
\beamer@ypos=\count269
\beamer@ypos@offset=\count270
\beamer@showpartnumber=\count271
\beamer@currentsubsection=\count272
\beamer@coveringdepth=\count273
\beamer@sectionadjust=\count274
\beamer@toclastsection=\count275
\beamer@tocsectionnumber=\count276

(/Volumes/Macintosh SSD/local/texlive/2023/texmf-dist/tex/latex/beamer/beamerba
seoptions.sty
(/Volumes/Macintosh SSD/local/texlive/2023/texmf-dist/tex/latex/graphics/keyval
.sty
Package: keyval 2022/05/29 v1.15 key=value parser (DPC)
\KV@toks@=\toks16
))
\beamer@paperwidth=\skip49
\beamer@paperheight=\skip50

(/Volumes/Macintosh SSD/local/texlive/2023/texmf-dist/tex/latex/geometry/geomet
ry.sty
Package: geometry 2020/01/02 v5.9 Page Geometry

(/Volumes/Macintosh SSD/local/texlive/2023/texmf-dist/tex/generic/iftex/ifvtex.
sty
Package: ifvtex 2019/10/25 v1.7 ifvtex legacy package. Use iftex instead.
)
\Gm@cnth=\count277
\Gm@cntv=\count278
\c@Gm@tempcnt=\count279
\Gm@bindingoffset=\dimen156
\Gm@wd@mp=\dimen157
\Gm@odd@mp=\dimen158
\Gm@even@mp=\dimen159
\Gm@layoutwidth=\dimen160
\Gm@layoutheight=\dimen161
\Gm@layouthoffset=\dimen162
\Gm@layoutvoffset=\dimen163
\Gm@dimlist=\toks17
)
(/Volumes/Macintosh SSD/local/texlive/2023/texmf-dist/tex/latex/pgf/math/pgfmat
h.sty
(/Volumes/Macintosh SSD/local/texlive/2023/texmf-dist/tex/latex/pgf/utilities/p
gfrcs.sty
(/Volumes/Macintosh SSD/local/texlive/2023/texmf-dist/tex/generic/pgf/utilities
/pgfutil-common.tex
\pgfutil@everybye=\toks18
\pgfutil@tempdima=\dimen164
\pgfutil@tempdimb=\dimen165
)
(/Volumes/Macintosh SSD/local/texlive/2023/texmf-dist/tex/generic/pgf/utilities
/pgfutil-latex.def
\pgfutil@abb=\box60
)
(/Volumes/Macintosh SSD/local/texlive/2023/texmf-dist/tex/generic/pgf/utilities
/pgfrcs.code.tex
(/Volumes/Macintosh SSD/local/texlive/2023/texmf-dist/tex/generic/pgf/pgf.revis
ion.tex)
Package: pgfrcs 2023-01-15 v3.1.10 (3.1.10)
))
(/Volumes/Macintosh SSD/local/texlive/2023/texmf-dist/tex/latex/pgf/utilities/p
gfkeys.sty
(/Volumes/Macintosh SSD/local/texlive/2023/texmf-dist/tex/generic/pgf/utilities
/pgfkeys.code.tex
\pgfkeys@pathtoks=\toks19
\pgfkeys@temptoks=\toks20

(/Volumes/Macintosh SSD/local/texlive/2023/texmf-dist/tex/generic/pgf/utilities
/pgfkeyslibraryfiltered.code.tex
\pgfkeys@tmptoks=\toks21
)))
(/Volumes/Macintosh SSD/local/texlive/2023/texmf-dist/tex/generic/pgf/math/pgfm
ath.code.tex
(/Volumes/Macintosh SSD/local/texlive/2023/texmf-dist/tex/generic/pgf/math/pgfm
athutil.code.tex
\pgf@x=\dimen166
\pgf@xa=\dimen167
\pgf@xb=\dimen168
\pgf@xc=\dimen169
\pgf@y=\dimen170
\pgf@ya=\dimen171
\pgf@yb=\dimen172
\pgf@yc=\dimen173
\c@pgf@counta=\count280
\c@pgf@countb=\count281
\c@pgf@countc=\count282
\c@pgf@countd=\count283
)
(/Volumes/Macintosh SSD/local/texlive/2023/texmf-dist/tex/generic/pgf/math/pgfm
athparser.code.tex
\pgfmath@dimen=\dimen174
\pgfmath@count=\count284
\pgfmath@box=\box61
\pgfmath@toks=\toks22
\pgfmath@stack@operand=\toks23
\pgfmath@stack@operation=\toks24
)
(/Volumes/Macintosh SSD/local/texlive/2023/texmf-dist/tex/generic/pgf/math/pgfm
athfunctions.code.tex)
(/Volumes/Macintosh SSD/local/texlive/2023/texmf-dist/tex/generic/pgf/math/pgfm
athfunctions.basic.code.tex)
(/Volumes/Macintosh SSD/local/texlive/2023/texmf-dist/tex/generic/pgf/math/pgfm
athfunctions.trigonometric.code.tex)
(/Volumes/Macintosh SSD/local/texlive/2023/texmf-dist/tex/generic/pgf/math/pgfm
athfunctions.random.code.tex)
(/Volumes/Macintosh SSD/local/texlive/2023/texmf-dist/tex/generic/pgf/math/pgfm
athfunctions.comparison.code.tex)
(/Volumes/Macintosh SSD/local/texlive/2023/texmf-dist/tex/generic/pgf/math/pgfm
athfunctions.base.code.tex)
(/Volumes/Macintosh SSD/local/texlive/2023/texmf-dist/tex/generic/pgf/math/pgfm
athfunctions.round.code.tex)
(/Volumes/Macintosh SSD/local/texlive/2023/texmf-dist/tex/generic/pgf/math/pgfm
athfunctions.misc.code.tex)
(/Volumes/Macintosh SSD/local/texlive/2023/texmf-dist/tex/generic/pgf/math/pgfm
athfunctions.integerarithmetics.code.tex)
(/Volumes/Macintosh SSD/local/texlive/2023/texmf-dist/tex/generic/pgf/math/pgfm
athcalc.code.tex)
(/Volumes/Macintosh SSD/local/texlive/2023/texmf-dist/tex/generic/pgf/math/pgfm
athfloat.code.tex
\c@pgfmathroundto@lastzeros=\count285
)))
(/Volumes/Macintosh SSD/local/texlive/2023/texmf-dist/tex/latex/base/size11.clo
File: size11.clo 2022/07/02 v1.4n Standard LaTeX file (size option)
)
(/Volumes/Macintosh SSD/local/texlive/2023/texmf-dist/tex/latex/pgf/basiclayer/
pgfcore.sty
(/Volumes/Macintosh SSD/local/texlive/2023/texmf-dist/tex/latex/graphics/graphi
cx.sty
Package: graphicx 2021/09/16 v1.2d Enhanced LaTeX Graphics (DPC,SPQR)

(/Volumes/Macintosh SSD/local/texlive/2023/texmf-dist/tex/latex/graphics/graphi
cs.sty
Package: graphics 2022/03/10 v1.4e Standard LaTeX Graphics (DPC,SPQR)

(/Volumes/Macintosh SSD/local/texlive/2023/texmf-dist/tex/latex/graphics/trig.s
ty
Package: trig 2021/08/11 v1.11 sin cos tan (DPC)
)
(/Volumes/Macintosh SSD/local/texlive/2023/texmf-dist/tex/latex/graphics-cfg/gr
aphics.cfg
File: graphics.cfg 2016/06/04 v1.11 sample graphics configuration
)
Package graphics Info: Driver file: pdftex.def on input line 107.

(/Volumes/Macintosh SSD/local/texlive/2023/texmf-dist/tex/latex/graphics-def/pd
ftex.def
File: pdftex.def 2022/09/22 v1.2b Graphics/color driver for pdftex
))
\Gin@req@height=\dimen175
\Gin@req@width=\dimen176
)
(/Volumes/Macintosh SSD/local/texlive/2023/texmf-dist/tex/latex/pgf/systemlayer
/pgfsys.sty
(/Volumes/Macintosh SSD/local/texlive/2023/texmf-dist/tex/generic/pgf/systemlay
er/pgfsys.code.tex
Package: pgfsys 2023-01-15 v3.1.10 (3.1.10)
\pgf@x=\dimen177
\pgf@y=\dimen178
\pgf@xa=\dimen179
\pgf@ya=\dimen180
\pgf@xb=\dimen181
\pgf@yb=\dimen182
\pgf@xc=\dimen183
\pgf@yc=\dimen184
\pgf@xd=\dimen185
\pgf@yd=\dimen186
\w@pgf@writea=\write3
\r@pgf@reada=\read2
\c@pgf@counta=\count286
\c@pgf@countb=\count287
\c@pgf@countc=\count288
\c@pgf@countd=\count289
\t@pgf@toka=\toks25
\t@pgf@tokb=\toks26
\t@pgf@tokc=\toks27
\pgf@sys@id@count=\count290

(/Volumes/Macintosh SSD/local/texlive/2023/texmf-dist/tex/generic/pgf/systemlay
er/pgf.cfg
File: pgf.cfg 2023-01-15 v3.1.10 (3.1.10)
)
Driver file for pgf: pgfsys-pdftex.def

(/Volumes/Macintosh SSD/local/texlive/2023/texmf-dist/tex/generic/pgf/systemlay
er/pgfsys-pdftex.def
File: pgfsys-pdftex.def 2023-01-15 v3.1.10 (3.1.10)

(/Volumes/Macintosh SSD/local/texlive/2023/texmf-dist/tex/generic/pgf/systemlay
er/pgfsys-common-pdf.def
File: pgfsys-common-pdf.def 2023-01-15 v3.1.10 (3.1.10)
)))
(/Volumes/Macintosh SSD/local/texlive/2023/texmf-dist/tex/generic/pgf/systemlay
er/pgfsyssoftpath.code.tex
File: pgfsyssoftpath.code.tex 2023-01-15 v3.1.10 (3.1.10)
\pgfsyssoftpath@smallbuffer@items=\count291
\pgfsyssoftpath@bigbuffer@items=\count292
)
(/Volumes/Macintosh SSD/local/texlive/2023/texmf-dist/tex/generic/pgf/systemlay
er/pgfsysprotocol.code.tex
File: pgfsysprotocol.code.tex 2023-01-15 v3.1.10 (3.1.10)
))
(/Volumes/Macintosh SSD/local/texlive/2023/texmf-dist/tex/latex/xcolor/xcolor.s
ty
Package: xcolor 2022/06/12 v2.14 LaTeX color extensions (UK)

(/Volumes/Macintosh SSD/local/texlive/2023/texmf-dist/tex/latex/graphics-cfg/co
lor.cfg
File: color.cfg 2016/01/02 v1.6 sample color configuration
)
Package xcolor Info: Driver file: pdftex.def on input line 227.

(/Volumes/Macintosh SSD/local/texlive/2023/texmf-dist/tex/latex/graphics/mathco
lor.ltx)
Package xcolor Info: Model `cmy' substituted by `cmy0' on input line 1353.
Package xcolor Info: Model `hsb' substituted by `rgb' on input line 1357.
Package xcolor Info: Model `RGB' extended on input line 1369.
Package xcolor Info: Model `HTML' substituted by `rgb' on input line 1371.
Package xcolor Info: Model `Hsb' substituted by `hsb' on input line 1372.
Package xcolor Info: Model `tHsb' substituted by `hsb' on input line 1373.
Package xcolor Info: Model `HSB' substituted by `hsb' on input line 1374.
Package xcolor Info: Model `Gray' substituted by `gray' on input line 1375.
Package xcolor Info: Model `wave' substituted by `hsb' on input line 1376.
)
(/Volumes/Macintosh SSD/local/texlive/2023/texmf-dist/tex/generic/pgf/basiclaye
r/pgfcore.code.tex
Package: pgfcore 2023-01-15 v3.1.10 (3.1.10)

(/Volumes/Macintosh SSD/local/texlive/2023/texmf-dist/tex/generic/pgf/math/pgfi
nt.code.tex)
(/Volumes/Macintosh SSD/local/texlive/2023/texmf-dist/tex/generic/pgf/basiclaye
r/pgfcorepoints.code.tex
File: pgfcorepoints.code.tex 2023-01-15 v3.1.10 (3.1.10)
\pgf@picminx=\dimen187
\pgf@picmaxx=\dimen188
\pgf@picminy=\dimen189
\pgf@picmaxy=\dimen190
\pgf@pathminx=\dimen191
\pgf@pathmaxx=\dimen192
\pgf@pathminy=\dimen193
\pgf@pathmaxy=\dimen194
\pgf@xx=\dimen195
\pgf@xy=\dimen196
\pgf@yx=\dimen197
\pgf@yy=\dimen198
\pgf@zx=\dimen199
\pgf@zy=\dimen256
)
(/Volumes/Macintosh SSD/local/texlive/2023/texmf-dist/tex/generic/pgf/basiclaye
r/pgfcorepathconstruct.code.tex
File: pgfcorepathconstruct.code.tex 2023-01-15 v3.1.10 (3.1.10)
\pgf@path@lastx=\dimen257
\pgf@path@lasty=\dimen258
)
(/Volumes/Macintosh SSD/local/texlive/2023/texmf-dist/tex/generic/pgf/basiclaye
r/pgfcorepathusage.code.tex
File: pgfcorepathusage.code.tex 2023-01-15 v3.1.10 (3.1.10)
\pgf@shorten@end@additional=\dimen259
\pgf@shorten@start@additional=\dimen260
)
(/Volumes/Macintosh SSD/local/texlive/2023/texmf-dist/tex/generic/pgf/basiclaye
r/pgfcorescopes.code.tex
File: pgfcorescopes.code.tex 2023-01-15 v3.1.10 (3.1.10)
\pgfpic=\box62
\pgf@hbox=\box63
\pgf@layerbox@main=\box64
\pgf@picture@serial@count=\count293
)
(/Volumes/Macintosh SSD/local/texlive/2023/texmf-dist/tex/generic/pgf/basiclaye
r/pgfcoregraphicstate.code.tex
File: pgfcoregraphicstate.code.tex 2023-01-15 v3.1.10 (3.1.10)
\pgflinewidth=\dimen261
)
(/Volumes/Macintosh SSD/local/texlive/2023/texmf-dist/tex/generic/pgf/basiclaye
r/pgfcoretransformations.code.tex
File: pgfcoretransformations.code.tex 2023-01-15 v3.1.10 (3.1.10)
\pgf@pt@x=\dimen262
\pgf@pt@y=\dimen263
\pgf@pt@temp=\dimen264
)
(/Volumes/Macintosh SSD/local/texlive/2023/texmf-dist/tex/generic/pgf/basiclaye
r/pgfcorequick.code.tex
File: pgfcorequick.code.tex 2023-01-15 v3.1.10 (3.1.10)
)
(/Volumes/Macintosh SSD/local/texlive/2023/texmf-dist/tex/generic/pgf/basiclaye
r/pgfcoreobjects.code.tex
File: pgfcoreobjects.code.tex 2023-01-15 v3.1.10 (3.1.10)
)
(/Volumes/Macintosh SSD/local/texlive/2023/texmf-dist/tex/generic/pgf/basiclaye
r/pgfcorepathprocessing.code.tex
File: pgfcorepathprocessing.code.tex 2023-01-15 v3.1.10 (3.1.10)
)
(/Volumes/Macintosh SSD/local/texlive/2023/texmf-dist/tex/generic/pgf/basiclaye
r/pgfcorearrows.code.tex
File: pgfcorearrows.code.tex 2023-01-15 v3.1.10 (3.1.10)
\pgfarrowsep=\dimen265
)
(/Volumes/Macintosh SSD/local/texlive/2023/texmf-dist/tex/generic/pgf/basiclaye
r/pgfcoreshade.code.tex
File: pgfcoreshade.code.tex 2023-01-15 v3.1.10 (3.1.10)
\pgf@max=\dimen266
\pgf@sys@shading@range@num=\count294
\pgf@shadingcount=\count295
)
(/Volumes/Macintosh SSD/local/texlive/2023/texmf-dist/tex/generic/pgf/basiclaye
r/pgfcoreimage.code.tex
File: pgfcoreimage.code.tex 2023-01-15 v3.1.10 (3.1.10)
)
(/Volumes/Macintosh SSD/local/texlive/2023/texmf-dist/tex/generic/pgf/basiclaye
r/pgfcoreexternal.code.tex
File: pgfcoreexternal.code.tex 2023-01-15 v3.1.10 (3.1.10)
\pgfexternal@startupbox=\box65
)
(/Volumes/Macintosh SSD/local/texlive/2023/texmf-dist/tex/generic/pgf/basiclaye
r/pgfcorelayers.code.tex
File: pgfcorelayers.code.tex 2023-01-15 v3.1.10 (3.1.10)
)
(/Volumes/Macintosh SSD/local/texlive/2023/texmf-dist/tex/generic/pgf/basiclaye
r/pgfcoretransparency.code.tex
File: pgfcoretransparency.code.tex 2023-01-15 v3.1.10 (3.1.10)
)
(/Volumes/Macintosh SSD/local/texlive/2023/texmf-dist/tex/generic/pgf/basiclaye
r/pgfcorepatterns.code.tex
File: pgfcorepatterns.code.tex 2023-01-15 v3.1.10 (3.1.10)
)
(/Volumes/Macintosh SSD/local/texlive/2023/texmf-dist/tex/generic/pgf/basiclaye
r/pgfcorerdf.code.tex
File: pgfcorerdf.code.tex 2023-01-15 v3.1.10 (3.1.10)
)))
(/Volumes/Macintosh SSD/local/texlive/2023/texmf-dist/tex/latex/pgf/utilities/x
xcolor.sty
Package: xxcolor 2003/10/24 ver 0.1
\XC@nummixins=\count296
\XC@countmixins=\count297
)
(/Volumes/Macintosh SSD/local/texlive/2023/texmf-dist/tex/latex/base/atbegshi-l
tx.sty
Package: atbegshi-ltx 2021/01/10 v1.0c Emulation of the original atbegshi
package with kernel methods
)
(/Volumes/Macintosh SSD/local/texlive/2023/texmf-dist/tex/latex/hyperref/hyperr
ef.sty
Package: hyperref 2023-02-07 v7.00v Hypertext links for LaTeX

(/Volumes/Macintosh SSD/local/texlive/2023/texmf-dist/tex/generic/ltxcmds/ltxcm
ds.sty
Package: ltxcmds 2020-05-10 v1.25 LaTeX kernel commands for general use (HO)
)
(/Volumes/Macintosh SSD/local/texlive/2023/texmf-dist/tex/generic/pdftexcmds/pd
ftexcmds.sty
Package: pdftexcmds 2020-06-27 v0.33 Utility functions of pdfTeX for LuaTeX (HO
)

(/Volumes/Macintosh SSD/local/texlive/2023/texmf-dist/tex/generic/infwarerr/inf
warerr.sty
Package: infwarerr 2019/12/03 v1.5 Providing info/warning/error messages (HO)
)
Package pdftexcmds Info: \pdf@primitive is available.
Package pdftexcmds Info: \pdf@ifprimitive is available.
Package pdftexcmds Info: \pdfdraftmode found.
)
(/Volumes/Macintosh SSD/local/texlive/2023/texmf-dist/tex/latex/kvsetkeys/kvset
keys.sty
Package: kvsetkeys 2022-10-05 v1.19 Key value parser (HO)
)
(/Volumes/Macintosh SSD/local/texlive/2023/texmf-dist/tex/generic/kvdefinekeys/
kvdefinekeys.sty
Package: kvdefinekeys 2019-12-19 v1.6 Define keys (HO)
)
(/Volumes/Macintosh SSD/local/texlive/2023/texmf-dist/tex/generic/pdfescape/pdf
escape.sty
Package: pdfescape 2019/12/09 v1.15 Implements pdfTeX's escape features (HO)
)
(/Volumes/Macintosh SSD/local/texlive/2023/texmf-dist/tex/latex/hycolor/hycolor
.sty
Package: hycolor 2020-01-27 v1.10 Color options for hyperref/bookmark (HO)
)
(/Volumes/Macintosh SSD/local/texlive/2023/texmf-dist/tex/latex/letltxmacro/let
ltxmacro.sty
Package: letltxmacro 2019/12/03 v1.6 Let assignment for LaTeX macros (HO)
)
(/Volumes/Macintosh SSD/local/texlive/2023/texmf-dist/tex/latex/auxhook/auxhook
.sty
Package: auxhook 2019-12-17 v1.6 Hooks for auxiliary files (HO)
)
(/Volumes/Macintosh SSD/local/texlive/2023/texmf-dist/tex/latex/hyperref/namere
f.sty
Package: nameref 2022-05-17 v2.50 Cross-referencing by name of section

(/Volumes/Macintosh SSD/local/texlive/2023/texmf-dist/tex/latex/refcount/refcou
nt.sty
Package: refcount 2019/12/15 v3.6 Data extraction from label references (HO)
)
(/Volumes/Macintosh SSD/local/texlive/2023/texmf-dist/tex/generic/gettitlestrin
g/gettitlestring.sty
Package: gettitlestring 2019/12/15 v1.6 Cleanup title references (HO)

(/Volumes/Macintosh SSD/local/texlive/2023/texmf-dist/tex/latex/kvoptions/kvopt
ions.sty
Package: kvoptions 2022-06-15 v3.15 Key value format for package options (HO)
))
\c@section@level=\count298
)
\@linkdim=\dimen267
\Hy@linkcounter=\count299
\Hy@pagecounter=\count300

(/Volumes/Macintosh SSD/local/texlive/2023/texmf-dist/tex/latex/hyperref/pd1enc
.def
File: pd1enc.def 2023-02-07 v7.00v Hyperref: PDFDocEncoding definition (HO)
Now handling font encoding PD1 ...
... no UTF-8 mapping file for font encoding PD1
)
(/Volumes/Macintosh SSD/local/texlive/2023/texmf-dist/tex/generic/intcalc/intca
lc.sty
Package: intcalc 2019/12/15 v1.3 Expandable calculations with integers (HO)
)
(/Volumes/Macintosh SSD/local/texlive/2023/texmf-dist/tex/generic/etexcmds/etex
cmds.sty
Package: etexcmds 2019/12/15 v1.7 Avoid name clashes with e-TeX commands (HO)
)
\Hy@SavedSpaceFactor=\count301

(/Volumes/Macintosh SSD/local/texlive/2023/texmf-dist/tex/latex/hyperref/puenc.
def
File: puenc.def 2023-02-07 v7.00v Hyperref: PDF Unicode definition (HO)
Now handling font encoding PU ...
... no UTF-8 mapping file for font encoding PU
)
Package hyperref Info: Option `bookmarks' set `true' on input line 4060.
Package hyperref Info: Option `bookmarksopen' set `true' on input line 4060.
Package hyperref Info: Option `implicit' set `false' on input line 4060.
Package hyperref Info: Hyper figures OFF on input line 4177.
Package hyperref Info: Link nesting OFF on input line 4182.
Package hyperref Info: Hyper index ON on input line 4185.
Package hyperref Info: Plain pages OFF on input line 4192.
Package hyperref Info: Backreferencing OFF on input line 4197.
Package hyperref Info: Implicit mode OFF; no redefinition of LaTeX internals.
Package hyperref Info: Bookmarks ON on input line 4425.
\c@Hy@tempcnt=\count302

(/Volumes/Macintosh SSD/local/texlive/2023/texmf-dist/tex/latex/url/url.sty
\Urlmuskip=\muskip16
Package: url 2013/09/16  ver 3.4  Verb mode for urls, etc.
)
LaTeX Info: Redefining \url on input line 4763.
\XeTeXLinkMargin=\dimen268

(/Volumes/Macintosh SSD/local/texlive/2023/texmf-dist/tex/generic/bitset/bitset
.sty
Package: bitset 2019/12/09 v1.3 Handle bit-vector datatype (HO)

(/Volumes/Macintosh SSD/local/texlive/2023/texmf-dist/tex/generic/bigintcalc/bi
gintcalc.sty
Package: bigintcalc 2019/12/15 v1.5 Expandable calculations on big integers (HO
)
))
\Fld@menulength=\count303
\Field@Width=\dimen269
\Fld@charsize=\dimen270
Package hyperref Info: Hyper figures OFF on input line 6042.
Package hyperref Info: Link nesting OFF on input line 6047.
Package hyperref Info: Hyper index ON on input line 6050.
Package hyperref Info: backreferencing OFF on input line 6057.
Package hyperref Info: Link coloring OFF on input line 6062.
Package hyperref Info: Link coloring with OCG OFF on input line 6067.
Package hyperref Info: PDF/A mode OFF on input line 6072.
\Hy@abspage=\count304


Package hyperref Message: Stopped early.

)
Package hyperref Info: Driver (autodetected): hpdftex.

(/Volumes/Macintosh SSD/local/texlive/2023/texmf-dist/tex/latex/hyperref/hpdfte
x.def
File: hpdftex.def 2023-02-07 v7.00v Hyperref driver for pdfTeX

(/Volumes/Macintosh SSD/local/texlive/2023/texmf-dist/tex/latex/base/atveryend-
ltx.sty
Package: atveryend-ltx 2020/08/19 v1.0a Emulation of the original atveryend pac
kage
with kernel methods
)
\Fld@listcount=\count305
\c@bookmark@seq@number=\count306

(/Volumes/Macintosh SSD/local/texlive/2023/texmf-dist/tex/latex/rerunfilecheck/
rerunfilecheck.sty
Package: rerunfilecheck 2022-07-10 v1.10 Rerun checks for auxiliary files (HO)

(/Volumes/Macintosh SSD/local/texlive/2023/texmf-dist/tex/generic/uniquecounter
/uniquecounter.sty
Package: uniquecounter 2019/12/15 v1.4 Provide unlimited unique counter (HO)
)
Package uniquecounter Info: New unique counter `rerunfilecheck' on input line 2
85.
))
(/Volumes/Macintosh SSD/local/texlive/2023/texmf-dist/tex/latex/beamer/beamerba
serequires.sty
(/Volumes/Macintosh SSD/local/texlive/2023/texmf-dist/tex/latex/beamer/beamerba
secompatibility.sty)
(/Volumes/Macintosh SSD/local/texlive/2023/texmf-dist/tex/latex/beamer/beamerba
sefont.sty
(/Volumes/Macintosh SSD/local/texlive/2023/texmf-dist/tex/latex/amsfonts/amssym
b.sty
Package: amssymb 2013/01/14 v3.01 AMS font symbols

(/Volumes/Macintosh SSD/local/texlive/2023/texmf-dist/tex/latex/amsfonts/amsfon
ts.sty
Package: amsfonts 2013/01/14 v3.01 Basic AMSFonts support
\@emptytoks=\toks28
\symAMSa=\mathgroup4
\symAMSb=\mathgroup5
LaTeX Font Info:    Redeclaring math symbol \hbar on input line 98.
LaTeX Font Info:    Overwriting math alphabet `\mathfrak' in version `bold'
(Font)                  U/euf/m/n --> U/euf/b/n on input line 106.
))
(/Volumes/Macintosh SSD/local/texlive/2023/texmf-dist/tex/latex/sansmathaccent/
sansmathaccent.sty
Package: sansmathaccent 2020/01/31

(/Volumes/Macintosh SSD/local/texlive/2023/texmf-dist/tex/latex/koma-script/scr
lfile.sty
Package: scrlfile 2022/10/12 v3.38 KOMA-Script package (file load hooks)

(/Volumes/Macintosh SSD/local/texlive/2023/texmf-dist/tex/latex/koma-script/scr
lfile-hook.sty
Package: scrlfile-hook 2022/10/12 v3.38 KOMA-Script package (using LaTeX hooks)


(/Volumes/Macintosh SSD/local/texlive/2023/texmf-dist/tex/latex/koma-script/scr
logo.sty
Package: scrlogo 2022/10/12 v3.38 KOMA-Script package (logo)
)))))
(/Volumes/Macintosh SSD/local/texlive/2023/texmf-dist/tex/latex/beamer/beamerba
setranslator.sty
(/Volumes/Macintosh SSD/local/texlive/2023/texmf-dist/tex/latex/translator/tran
slator.sty
Package: translator 2021-05-31 v1.12d Easy translation of strings in LaTeX
))
(/Volumes/Macintosh SSD/local/texlive/2023/texmf-dist/tex/latex/beamer/beamerba
semisc.sty)
(/Volumes/Macintosh SSD/local/texlive/2023/texmf-dist/tex/latex/beamer/beamerba
setwoscreens.sty)
(/Volumes/Macintosh SSD/local/texlive/2023/texmf-dist/tex/latex/beamer/beamerba
seoverlay.sty
\beamer@argscount=\count307
\beamer@lastskipcover=\skip51
\beamer@trivlistdepth=\count308
)
(/Volumes/Macintosh SSD/local/texlive/2023/texmf-dist/tex/latex/beamer/beamerba
setitle.sty)
(/Volumes/Macintosh SSD/local/texlive/2023/texmf-dist/tex/latex/beamer/beamerba
sesection.sty
\c@lecture=\count309
\c@part=\count310
\c@section=\count311
\c@subsection=\count312
\c@subsubsection=\count313
)
(/Volumes/Macintosh SSD/local/texlive/2023/texmf-dist/tex/latex/beamer/beamerba
seframe.sty
\beamer@framebox=\box66
\beamer@frametitlebox=\box67
\beamer@zoombox=\box68
\beamer@zoomcount=\count314
\beamer@zoomframecount=\count315
\beamer@frametextheight=\dimen271
\c@subsectionslide=\count316
\beamer@frametopskip=\skip52
\beamer@framebottomskip=\skip53
\beamer@frametopskipautobreak=\skip54
\beamer@framebottomskipautobreak=\skip55
\beamer@envbody=\toks29
\framewidth=\dimen272
\c@framenumber=\count317
)
(/Volumes/Macintosh SSD/local/texlive/2023/texmf-dist/tex/latex/beamer/beamerba
severbatim.sty
\beamer@verbatimfileout=\write4
)
(/Volumes/Macintosh SSD/local/texlive/2023/texmf-dist/tex/latex/beamer/beamerba
seframesize.sty
\beamer@splitbox=\box69
\beamer@autobreakcount=\count318
\beamer@autobreaklastheight=\dimen273
\beamer@frametitletoks=\toks30
\beamer@framesubtitletoks=\toks31
)
(/Volumes/Macintosh SSD/local/texlive/2023/texmf-dist/tex/latex/beamer/beamerba
seframecomponents.sty
\beamer@footins=\box70
)
(/Volumes/Macintosh SSD/local/texlive/2023/texmf-dist/tex/latex/beamer/beamerba
secolor.sty)
(/Volumes/Macintosh SSD/local/texlive/2023/texmf-dist/tex/latex/beamer/beamerba
senotes.sty
\beamer@frameboxcopy=\box71
)
(/Volumes/Macintosh SSD/local/texlive/2023/texmf-dist/tex/latex/beamer/beamerba
setoc.sty)
(/Volumes/Macintosh SSD/local/texlive/2023/texmf-dist/tex/latex/beamer/beamerba
setemplates.sty
\beamer@sbttoks=\toks32

(/Volumes/Macintosh SSD/local/texlive/2023/texmf-dist/tex/latex/beamer/beamerba
seauxtemplates.sty
(/Volumes/Macintosh SSD/local/texlive/2023/texmf-dist/tex/latex/beamer/beamerba
seboxes.sty
\bmb@box=\box72
\bmb@colorbox=\box73
\bmb@boxwidth=\dimen274
\bmb@boxheight=\dimen275
\bmb@prevheight=\dimen276
\bmb@temp=\dimen277
\bmb@dima=\dimen278
\bmb@dimb=\dimen279
\bmb@prevheight=\dimen280
)
\beamer@blockheadheight=\dimen281
))
(/Volumes/Macintosh SSD/local/texlive/2023/texmf-dist/tex/latex/beamer/beamerba
selocalstructure.sty
(/Volumes/Macintosh SSD/local/texlive/2023/texmf-dist/tex/latex/tools/enumerate
.sty
Package: enumerate 2015/07/23 v3.00 enumerate extensions (DPC)
\@enLab=\toks33
)
\beamer@bibiconwidth=\skip56
\c@figure=\count319
\c@table=\count320
\abovecaptionskip=\skip57
\belowcaptionskip=\skip58
)
(/Volumes/Macintosh SSD/local/texlive/2023/texmf-dist/tex/latex/beamer/beamerba
senavigation.sty
(/Volumes/Macintosh SSD/local/texlive/2023/texmf-dist/tex/latex/beamer/beamerba
senavigationsymbols.tex)
\beamer@section@min@dim=\dimen282
)
(/Volumes/Macintosh SSD/local/texlive/2023/texmf-dist/tex/latex/beamer/beamerba
setheorems.sty
(/Volumes/Macintosh SSD/local/texlive/2023/texmf-dist/tex/latex/amsmath/amsmath
.sty
Package: amsmath 2022/04/08 v2.17n AMS math features
\@mathmargin=\skip59

For additional information on amsmath, use the `?' option.

(/Volumes/Macintosh SSD/local/texlive/2023/texmf-dist/tex/latex/amsmath/amstext
.sty
Package: amstext 2021/08/26 v2.01 AMS text

(/Volumes/Macintosh SSD/local/texlive/2023/texmf-dist/tex/latex/amsmath/amsgen.
sty
File: amsgen.sty 1999/11/30 v2.0 generic functions
\@emptytoks=\toks34
\ex@=\dimen283
))
(/Volumes/Macintosh SSD/local/texlive/2023/texmf-dist/tex/latex/amsmath/amsbsy.
sty
Package: amsbsy 1999/11/29 v1.2d Bold Symbols
\pmbraise@=\dimen284
)
(/Volumes/Macintosh SSD/local/texlive/2023/texmf-dist/tex/latex/amsmath/amsopn.
sty
Package: amsopn 2022/04/08 v2.04 operator names
)
\inf@bad=\count321
LaTeX Info: Redefining \frac on input line 234.
\uproot@=\count322
\leftroot@=\count323
LaTeX Info: Redefining \overline on input line 399.
LaTeX Info: Redefining \colon on input line 410.
\classnum@=\count324
\DOTSCASE@=\count325
LaTeX Info: Redefining \ldots on input line 496.
LaTeX Info: Redefining \dots on input line 499.
LaTeX Info: Redefining \cdots on input line 620.
\Mathstrutbox@=\box74
\strutbox@=\box75
LaTeX Info: Redefining \big on input line 722.
LaTeX Info: Redefining \Big on input line 723.
LaTeX Info: Redefining \bigg on input line 724.
LaTeX Info: Redefining \Bigg on input line 725.
\big@size=\dimen285
LaTeX Font Info:    Redeclaring font encoding OML on input line 743.
LaTeX Font Info:    Redeclaring font encoding OMS on input line 744.
\macc@depth=\count326
LaTeX Info: Redefining \bmod on input line 905.
LaTeX Info: Redefining \pmod on input line 910.
LaTeX Info: Redefining \smash on input line 940.
LaTeX Info: Redefining \relbar on input line 970.
LaTeX Info: Redefining \Relbar on input line 971.
\c@MaxMatrixCols=\count327
\dotsspace@=\muskip17
\c@parentequation=\count328
\dspbrk@lvl=\count329
\tag@help=\toks35
\row@=\count330
\column@=\count331
\maxfields@=\count332
\andhelp@=\toks36
\eqnshift@=\dimen286
\alignsep@=\dimen287
\tagshift@=\dimen288
\tagwidth@=\dimen289
\totwidth@=\dimen290
\lineht@=\dimen291
\@envbody=\toks37
\multlinegap=\skip60
\multlinetaggap=\skip61
\mathdisplay@stack=\toks38
LaTeX Info: Redefining \[ on input line 2953.
LaTeX Info: Redefining \] on input line 2954.
)
(/Volumes/Macintosh SSD/local/texlive/2023/texmf-dist/tex/latex/amscls/amsthm.s
ty
Package: amsthm 2020/05/29 v2.20.6
\thm@style=\toks39
\thm@bodyfont=\toks40
\thm@headfont=\toks41
\thm@notefont=\toks42
\thm@headpunct=\toks43
\thm@preskip=\skip62
\thm@postskip=\skip63
\thm@headsep=\skip64
\dth@everypar=\toks44
)
\c@theorem=\count333
)
(/Volumes/Macintosh SSD/local/texlive/2023/texmf-dist/tex/latex/beamer/beamerba
sethemes.sty))
(/Volumes/Macintosh SSD/local/texlive/2023/texmf-dist/tex/latex/beamer/beamerth
emedefault.sty
(/Volumes/Macintosh SSD/local/texlive/2023/texmf-dist/tex/latex/beamer/beamerfo
ntthemedefault.sty)
(/Volumes/Macintosh SSD/local/texlive/2023/texmf-dist/tex/latex/beamer/beamerco
lorthemedefault.sty)
(/Volumes/Macintosh SSD/local/texlive/2023/texmf-dist/tex/latex/beamer/beamerin
nerthemedefault.sty
\beamer@dima=\dimen292
\beamer@dimb=\dimen293
)
(/Volumes/Macintosh SSD/local/texlive/2023/texmf-dist/tex/latex/beamer/beamerou
terthemedefault.sty)))
(/Volumes/Macintosh SSD/local/texlive/2023/texmf-dist/tex/latex/base/inputenc.s
ty
Package: inputenc 2021/02/14 v1.3d Input encoding file
\inpenc@prehook=\toks45
\inpenc@posthook=\toks46
)
(/Volumes/Macintosh SSD/local/texlive/2023/texmf-dist/tex/generic/babel/babel.s
ty
Package: babel 2023/02/13 3.86 The Babel package
\babel@savecnt=\count334
\U@D=\dimen294
\l@unhyphenated=\language87

(/Volumes/Macintosh SSD/local/texlive/2023/texmf-dist/tex/generic/babel/txtbabe
l.def)
\bbl@readstream=\read3
LaTeX Info: Redefining \textlatin on input line 4088.
\bbl@dirlevel=\count335

(/Volumes/Macintosh SSD/local/texlive/2023/texmf-dist/tex/generic/babel-german/
ngerman.ldf
Language: ngerman 2021/02/27 v2.13 German support for babel (post-1996 orthogra
phy)

(/Volumes/Macintosh SSD/local/texlive/2023/texmf-dist/tex/generic/babel-german/
ngermanb.ldf
Language: ngermanb 2021/02/27 v2.13 German support for babel (post-1996 orthogr
aphy)
Package babel Info: Making " an active character on input line 122.
)))
(/Volumes/Macintosh SSD/local/texlive/2023/texmf-dist/tex/generic/babel/locale/
de/babel-ngerman.tex
Package babel Info: Importing font and identification data for ngerman
(babel)             from babel-de.ini. Reported on input line 11.
)
(/Volumes/Macintosh SSD/local/texlive/2023/texmf-dist/tex/latex/biblatex/biblat
ex.sty
Package: biblatex 2023/03/05 v3.19 programmable bibliographies (PK/MW)

(/Volumes/Macintosh SSD/local/texlive/2023/texmf-dist/tex/latex/logreq/logreq.s
ty
Package: logreq 2010/08/04 v1.0 xml request logger
\lrq@indent=\count336

(/Volumes/Macintosh SSD/local/texlive/2023/texmf-dist/tex/latex/logreq/logreq.d
ef
File: logreq.def 2010/08/04 v1.0 logreq spec v1.0
))
(/Volumes/Macintosh SSD/local/texlive/2023/texmf-dist/tex/latex/base/ifthen.sty
Package: ifthen 2022/04/13 v1.1d Standard LaTeX ifthen package (DPC)
)
\c@tabx@nest=\count337
\c@listtotal=\count338
\c@listcount=\count339
\c@liststart=\count340
\c@liststop=\count341
\c@citecount=\count342
\c@citetotal=\count343
\c@multicitecount=\count344
\c@multicitetotal=\count345
\c@instcount=\count346
\c@maxnames=\count347
\c@minnames=\count348
\c@maxitems=\count349
\c@minitems=\count350
\c@citecounter=\count351
\c@maxcitecounter=\count352
\c@savedcitecounter=\count353
\c@uniquelist=\count354
\c@uniquename=\count355
\c@refsection=\count356
\c@refsegment=\count357
\c@maxextratitle=\count358
\c@maxextratitleyear=\count359
\c@maxextraname=\count360
\c@maxextradate=\count361
\c@maxextraalpha=\count362
\c@abbrvpenalty=\count363
\c@highnamepenalty=\count364
\c@lownamepenalty=\count365
\c@maxparens=\count366
\c@parenlevel=\count367
\blx@tempcnta=\count368
\blx@tempcntb=\count369
\blx@tempcntc=\count370
\c@blx@maxsection=\count371
\blx@maxsegment@0=\count372
\blx@notetype=\count373
\blx@parenlevel@text=\count374
\blx@parenlevel@foot=\count375
\blx@sectionciteorder@0=\count376
\blx@sectionciteorderinternal@0=\count377
\blx@entrysetcounter=\count378
\blx@biblioinstance=\count379
\labelnumberwidth=\skip65
\labelalphawidth=\skip66
\biblabelsep=\skip67
\bibitemsep=\skip68
\bibnamesep=\skip69
\bibinitsep=\skip70
\bibparsep=\skip71
\bibhang=\skip72
\blx@bcfin=\read4
\blx@bcfout=\write5
\blx@langwohyphens=\language88
\c@mincomprange=\count380
\c@maxcomprange=\count381
\c@mincompwidth=\count382
Package biblatex Info: Trying to load biblatex default data model...
Package biblatex Info: ... file 'blx-dm.def' found.

(/Volumes/Macintosh SSD/local/texlive/2023/texmf-dist/tex/latex/biblatex/blx-dm
.def
File: blx-dm.def 2023/03/05 v3.19 biblatex localization (PK/MW)
)
Package biblatex Info: Trying to load biblatex style data model...
Package biblatex Info: ... file 'alphabetic.dbx' not found.
Package biblatex Info: Trying to load biblatex custom data model...
Package biblatex Info: ... file 'biblatex-dm.cfg' not found.
\c@afterword=\count383
\c@savedafterword=\count384
\c@annotator=\count385
\c@savedannotator=\count386
\c@author=\count387
\c@savedauthor=\count388
\c@bookauthor=\count389
\c@savedbookauthor=\count390
\c@commentator=\count391
\c@savedcommentator=\count392
\c@editor=\count393
\c@savededitor=\count394
\c@editora=\count395
\c@savededitora=\count396
\c@editorb=\count397
\c@savededitorb=\count398
\c@editorc=\count399
\c@savededitorc=\count400
\c@foreword=\count401
\c@savedforeword=\count402
\c@holder=\count403
\c@savedholder=\count404
\c@introduction=\count405
\c@savedintroduction=\count406
\c@namea=\count407
\c@savednamea=\count408
\c@nameb=\count409
\c@savednameb=\count410
\c@namec=\count411
\c@savednamec=\count412
\c@translator=\count413
\c@savedtranslator=\count414
\c@shortauthor=\count415
\c@savedshortauthor=\count416
\c@shorteditor=\count417
\c@savedshorteditor=\count418
\c@labelname=\count419
\c@savedlabelname=\count420
\c@institution=\count421
\c@savedinstitution=\count422
\c@lista=\count423
\c@savedlista=\count424
\c@listb=\count425
\c@savedlistb=\count426
\c@listc=\count427
\c@savedlistc=\count428
\c@listd=\count429
\c@savedlistd=\count430
\c@liste=\count431
\c@savedliste=\count432
\c@listf=\count433
\c@savedlistf=\count434
\c@location=\count435
\c@savedlocation=\count436
\c@organization=\count437
\c@savedorganization=\count438
\c@origlocation=\count439
\c@savedoriglocation=\count440
\c@origpublisher=\count441
\c@savedorigpublisher=\count442
\c@publisher=\count443
\c@savedpublisher=\count444
\c@language=\count445
\c@savedlanguage=\count446
\c@origlanguage=\count447
\c@savedoriglanguage=\count448
\c@pageref=\count449
\c@savedpageref=\count450
\shorthandwidth=\skip73
\shortjournalwidth=\skip74
\shortserieswidth=\skip75
\shorttitlewidth=\skip76
\shortauthorwidth=\skip77
\shorteditorwidth=\skip78
\locallabelnumberwidth=\skip79
\locallabelalphawidth=\skip80
\localshorthandwidth=\skip81
\localshortjournalwidth=\skip82
\localshortserieswidth=\skip83
\localshorttitlewidth=\skip84
\localshortauthorwidth=\skip85
\localshorteditorwidth=\skip86
Package biblatex Info: Trying to load compatibility code...
Package biblatex Info: ... file 'blx-compat.def' found.

(/Volumes/Macintosh SSD/local/texlive/2023/texmf-dist/tex/latex/biblatex/blx-co
mpat.def
File: blx-compat.def 2023/03/05 v3.19 biblatex compatibility (PK/MW)
)
Package biblatex Info: Trying to load BibTeX backend compatibility...
Package biblatex Info: ... file 'blx-bibtex.def' found.

(/Volumes/Macintosh SSD/local/texlive/2023/texmf-dist/tex/latex/biblatex/blx-bi
btex.def
File: blx-bibtex.def 2023/03/05 v3.19 biblatex compatibility (PK/MW)


Package biblatex Warning: Using fall-back bibtex backend:
(biblatex)                functionality may be reduced/unavailable.

)
Package biblatex Info: Trying to load generic definitions...
Package biblatex Info: ... file 'biblatex.def' found.

(/Volumes/Macintosh SSD/local/texlive/2023/texmf-dist/tex/latex/biblatex/biblat
ex.def
File: biblatex.def 2023/03/05 v3.19 biblatex compatibility (PK/MW)
\c@textcitecount=\count451
\c@textcitetotal=\count452
\c@textcitemaxnames=\count453
\c@biburlbigbreakpenalty=\count454
\c@biburlbreakpenalty=\count455
\c@biburlnumpenalty=\count456
\c@biburlucpenalty=\count457
\c@biburllcpenalty=\count458
\biburlbigskip=\muskip18
\biburlnumskip=\muskip19
\biburlucskip=\muskip20
\biburllcskip=\muskip21
\c@smartand=\count459
)
Package biblatex Info: Trying to load bibliography style 'alphabetic'...
Package biblatex Info: ... file 'alphabetic.bbx' found.

(/Volumes/Macintosh SSD/local/texlive/2023/texmf-dist/tex/latex/biblatex/bbx/al
phabetic.bbx
File: alphabetic.bbx 2023/03/05 v3.19 biblatex bibliography style (PK/MW)
Package biblatex Info: Trying to load bibliography style 'standard'...
Package biblatex Info: ... file 'standard.bbx' found.

(/Volumes/Macintosh SSD/local/texlive/2023/texmf-dist/tex/latex/biblatex/bbx/st
andard.bbx
File: standard.bbx 2023/03/05 v3.19 biblatex bibliography style (PK/MW)
\c@bbx:relatedcount=\count460
\c@bbx:relatedtotal=\count461
))
Package biblatex Info: Trying to load citation style 'alphabetic'...
Package biblatex Info: ... file 'alphabetic.cbx' found.

(/Volumes/Macintosh SSD/local/texlive/2023/texmf-dist/tex/latex/biblatex/cbx/al
phabetic.cbx
File: alphabetic.cbx 2023/03/05 v3.19 biblatex citation style (PK/MW)
Package biblatex Info: Redefining '\cite'.
Package biblatex Info: Redefining '\parencite'.
Package biblatex Info: Redefining '\footcite'.
Package biblatex Info: Redefining '\footcitetext'.
Package biblatex Info: Redefining '\smartcite'.
Package biblatex Info: Redefining '\textcite'.
Package biblatex Info: Redefining '\textcites'.
Package biblatex Info: Redefining '\cites'.
Package biblatex Info: Redefining '\parencites'.
Package biblatex Info: Redefining '\smartcites'.
)
Package biblatex Info: Trying to load configuration file...
Package biblatex Info: ... file 'biblatex.cfg' found.

(/Volumes/Macintosh SSD/local/texlive/2023/texmf-dist/tex/latex/biblatex/biblat
ex.cfg
File: biblatex.cfg 
)
Package biblatex Info: Input encoding 'utf8' detected.
Package biblatex Info: Document encoding is UTF8 ....

(/Volumes/Macintosh SSD/local/texlive/2023/texmf-dist/tex/latex/l3kernel/expl3.
sty
Package: expl3 2023-02-22 L3 programming layer (loader) 

(/Volumes/Macintosh SSD/local/texlive/2023/texmf-dist/tex/latex/l3backend/l3bac
kend-pdftex.def
File: l3backend-pdftex.def 2023-01-16 L3 backend support: PDF output (pdfTeX)
\l__color_backend_stack_int=\count462
\l__pdf_internal_box=\box76
))
Package biblatex Info: ... and expl3
(biblatex)             2023-02-22 L3 programming layer (loader) 
(biblatex)             is new enough (at least 2020/04/06),
(biblatex)             setting 'casechanger=expl3'.

(/Volumes/Macintosh SSD/local/texlive/2023/texmf-dist/tex/latex/biblatex/blx-ca
se-expl3.sty
(/Volumes/Macintosh SSD/local/texlive/2023/texmf-dist/tex/latex/l3packages/xpar
se/xparse.sty
Package: xparse 2023-02-02 L3 Experimental document command parser
)
Package: blx-case-expl3 2023/03/05 v3.19 expl3 case changing code for biblatex
)) (./header-beamer.tex
Package hyperref Info: Option `colorlinks' set `true' on input line 12.

(/Volumes/Macintosh SSD/local/texlive/2023/texmf-dist/tex/latex/lm/lmodern.sty
Package: lmodern 2015/05/01 v1.6.1 Latin Modern Fonts
LaTeX Font Info:    Overwriting symbol font `operators' in version `normal'
(Font)                  OT1/cmr/m/n --> OT1/lmr/m/n on input line 22.
LaTeX Font Info:    Overwriting symbol font `letters' in version `normal'
(Font)                  OML/cmm/m/it --> OML/lmm/m/it on input line 23.
LaTeX Font Info:    Overwriting symbol font `symbols' in version `normal'
(Font)                  OMS/cmsy/m/n --> OMS/lmsy/m/n on input line 24.
LaTeX Font Info:    Overwriting symbol font `largesymbols' in version `normal'
(Font)                  OMX/cmex/m/n --> OMX/lmex/m/n on input line 25.
LaTeX Font Info:    Overwriting symbol font `operators' in version `bold'
(Font)                  OT1/cmr/bx/n --> OT1/lmr/bx/n on input line 26.
LaTeX Font Info:    Overwriting symbol font `letters' in version `bold'
(Font)                  OML/cmm/b/it --> OML/lmm/b/it on input line 27.
LaTeX Font Info:    Overwriting symbol font `symbols' in version `bold'
(Font)                  OMS/cmsy/b/n --> OMS/lmsy/b/n on input line 28.
LaTeX Font Info:    Overwriting symbol font `largesymbols' in version `bold'
(Font)                  OMX/cmex/m/n --> OMX/lmex/m/n on input line 29.
LaTeX Font Info:    Overwriting math alphabet `\mathbf' in version `normal'
(Font)                  OT1/cmr/bx/n --> OT1/lmr/bx/n on input line 31.
LaTeX Font Info:    Overwriting math alphabet `\mathsf' in version `normal'
(Font)                  OT1/cmss/m/n --> OT1/lmss/m/n on input line 32.
LaTeX Font Info:    Overwriting math alphabet `\mathit' in version `normal'
(Font)                  OT1/cmr/m/it --> OT1/lmr/m/it on input line 33.
LaTeX Font Info:    Overwriting math alphabet `\mathtt' in version `normal'
(Font)                  OT1/cmtt/m/n --> OT1/lmtt/m/n on input line 34.
LaTeX Font Info:    Overwriting math alphabet `\mathbf' in version `bold'
(Font)                  OT1/cmr/bx/n --> OT1/lmr/bx/n on input line 35.
LaTeX Font Info:    Overwriting math alphabet `\mathsf' in version `bold'
(Font)                  OT1/cmss/bx/n --> OT1/lmss/bx/n on input line 36.
LaTeX Font Info:    Overwriting math alphabet `\mathit' in version `bold'
(Font)                  OT1/cmr/bx/it --> OT1/lmr/bx/it on input line 37.
LaTeX Font Info:    Overwriting math alphabet `\mathtt' in version `bold'
(Font)                  OT1/cmtt/m/n --> OT1/lmtt/m/n on input line 38.
)
(/Volumes/Macintosh SSD/local/texlive/2023/texmf-dist/tex/latex/inconsolata/inc
onsolata.sty
Package: inconsolata 2019/05/17 v1.12

`inconsolata-zi4' v1.12, 2019/05/17 Text macros for Inconsolata (msharpe)
(/Volumes/Macintosh SSD/local/texlive/2023/texmf-dist/tex/latex/base/textcomp.s
ty
Package: textcomp 2020/02/02 v2.0n Standard LaTeX package
)
(/Volumes/Macintosh SSD/local/texlive/2023/texmf-dist/tex/latex/xkeyval/xkeyval
.sty
Package: xkeyval 2022/06/16 v2.9 package option processing (HA)

(/Volumes/Macintosh SSD/local/texlive/2023/texmf-dist/tex/generic/xkeyval/xkeyv
al.tex
(/Volumes/Macintosh SSD/local/texlive/2023/texmf-dist/tex/generic/xkeyval/xkvut
ils.tex
\XKV@toks=\toks47
\XKV@tempa@toks=\toks48
)
\XKV@depth=\count463
File: xkeyval.tex 2014/12/03 v2.7a key=value parser (HA)
))
\zifour@ocount=\count464
)
(/Volumes/Macintosh SSD/local/texlive/2023/texmf-dist/tex/latex/mathtools/matht
ools.sty
Package: mathtools 2022/06/29 v1.29 mathematical typesetting tools

(/Volumes/Macintosh SSD/local/texlive/2023/texmf-dist/tex/latex/tools/calc.sty
Package: calc 2017/05/25 v4.3 Infix arithmetic (KKT,FJ)
\calc@Acount=\count465
\calc@Bcount=\count466
\calc@Adimen=\dimen295
\calc@Bdimen=\dimen296
\calc@Askip=\skip87
\calc@Bskip=\skip88
LaTeX Info: Redefining \setlength on input line 80.
LaTeX Info: Redefining \addtolength on input line 81.
\calc@Ccount=\count467
\calc@Cskip=\skip89
)
(/Volumes/Macintosh SSD/local/texlive/2023/texmf-dist/tex/latex/mathtools/mhset
up.sty
Package: mhsetup 2021/03/18 v1.4 programming setup (MH)
)
\g_MT_multlinerow_int=\count468
\l_MT_multwidth_dim=\dimen297
\origjot=\skip90
\l_MT_shortvdotswithinadjustabove_dim=\dimen298
\l_MT_shortvdotswithinadjustbelow_dim=\dimen299
\l_MT_above_intertext_sep=\dimen300
\l_MT_below_intertext_sep=\dimen301
\l_MT_above_shortintertext_sep=\dimen302
\l_MT_below_shortintertext_sep=\dimen303
\xmathstrut@box=\box77
\xmathstrut@dim=\dimen304
)
(/Volumes/Macintosh SSD/local/texlive/2023/texmf-dist/tex/latex/doublestroke/ds
font.sty
Package: dsfont 1995/08/01 v0.1 Double stroke roman fonts
)
(/Volumes/Macintosh SSD/local/texlive/2023/texmf-dist/tex/latex/stmaryrd/stmary
rd.sty
Package: stmaryrd 1994/03/03 St Mary's Road symbol package
\symstmry=\mathgroup6
LaTeX Font Info:    Overwriting symbol font `stmry' in version `bold'
(Font)                  U/stmry/m/n --> U/stmry/b/n on input line 89.
)
(/Volumes/Macintosh SSD/local/texlive/2023/texmf-dist/tex/latex/units/nicefrac.
sty
Package: nicefrac 1998/08/04 v0.9b Nice fractions
\L@UnitsRaiseDisplaystyle=\skip91
\L@UnitsRaiseTextstyle=\skip92
\L@UnitsRaiseScriptstyle=\skip93
)
(/Volumes/Macintosh SSD/local/texlive/2023/texmf-dist/tex/latex/pgf/frontendlay
er/tikz.sty
(/Volumes/Macintosh SSD/local/texlive/2023/texmf-dist/tex/latex/pgf/basiclayer/
pgf.sty
Package: pgf 2023-01-15 v3.1.10 (3.1.10)

(/Volumes/Macintosh SSD/local/texlive/2023/texmf-dist/tex/generic/pgf/modules/p
gfmoduleshapes.code.tex
File: pgfmoduleshapes.code.tex 2023-01-15 v3.1.10 (3.1.10)
\pgfnodeparttextbox=\box78
)
(/Volumes/Macintosh SSD/local/texlive/2023/texmf-dist/tex/generic/pgf/modules/p
gfmoduleplot.code.tex
File: pgfmoduleplot.code.tex 2023-01-15 v3.1.10 (3.1.10)
)
(/Volumes/Macintosh SSD/local/texlive/2023/texmf-dist/tex/latex/pgf/compatibili
ty/pgfcomp-version-0-65.sty
Package: pgfcomp-version-0-65 2023-01-15 v3.1.10 (3.1.10)
\pgf@nodesepstart=\dimen305
\pgf@nodesepend=\dimen306
)
(/Volumes/Macintosh SSD/local/texlive/2023/texmf-dist/tex/latex/pgf/compatibili
ty/pgfcomp-version-1-18.sty
Package: pgfcomp-version-1-18 2023-01-15 v3.1.10 (3.1.10)
))
(/Volumes/Macintosh SSD/local/texlive/2023/texmf-dist/tex/latex/pgf/utilities/p
gffor.sty
(/Volumes/Macintosh SSD/local/texlive/2023/texmf-dist/tex/generic/pgf/utilities
/pgffor.code.tex
Package: pgffor 2023-01-15 v3.1.10 (3.1.10)
\pgffor@iter=\dimen307
\pgffor@skip=\dimen308
\pgffor@stack=\toks49
\pgffor@toks=\toks50
))
(/Volumes/Macintosh SSD/local/texlive/2023/texmf-dist/tex/generic/pgf/frontendl
ayer/tikz/tikz.code.tex
Package: tikz 2023-01-15 v3.1.10 (3.1.10)

(/Volumes/Macintosh SSD/local/texlive/2023/texmf-dist/tex/generic/pgf/libraries
/pgflibraryplothandlers.code.tex
File: pgflibraryplothandlers.code.tex 2023-01-15 v3.1.10 (3.1.10)
\pgf@plot@mark@count=\count469
\pgfplotmarksize=\dimen309
)
\tikz@lastx=\dimen310
\tikz@lasty=\dimen311
\tikz@lastxsaved=\dimen312
\tikz@lastysaved=\dimen313
\tikz@lastmovetox=\dimen314
\tikz@lastmovetoy=\dimen315
\tikzleveldistance=\dimen316
\tikzsiblingdistance=\dimen317
\tikz@figbox=\box79
\tikz@figbox@bg=\box80
\tikz@tempbox=\box81
\tikz@tempbox@bg=\box82
\tikztreelevel=\count470
\tikznumberofchildren=\count471
\tikznumberofcurrentchild=\count472
\tikz@fig@count=\count473

(/Volumes/Macintosh SSD/local/texlive/2023/texmf-dist/tex/generic/pgf/modules/p
gfmodulematrix.code.tex
File: pgfmodulematrix.code.tex 2023-01-15 v3.1.10 (3.1.10)
\pgfmatrixcurrentrow=\count474
\pgfmatrixcurrentcolumn=\count475
\pgf@matrix@numberofcolumns=\count476
)
\tikz@expandcount=\count477

(/Volumes/Macintosh SSD/local/texlive/2023/texmf-dist/tex/generic/pgf/frontendl
ayer/tikz/libraries/tikzlibrarytopaths.code.tex
File: tikzlibrarytopaths.code.tex 2023-01-15 v3.1.10 (3.1.10)
)))
(/Volumes/Macintosh SSD/local/texlive/2023/texmf-dist/tex/latex/pgfplots/pgfplo
ts.sty
(/Volumes/Macintosh SSD/local/texlive/2023/texmf-dist/tex/generic/pgfplots/pgfp
lots.revision.tex)
Package: pgfplots 2021/05/15 v1.18.1 Data Visualization (1.18.1)

(/Volumes/Macintosh SSD/local/texlive/2023/texmf-dist/tex/generic/pgfplots/pgfp
lots.code.tex
(/Volumes/Macintosh SSD/local/texlive/2023/texmf-dist/tex/generic/pgfplots/pgfp
lotscore.code.tex
\t@pgfplots@toka=\toks51
\t@pgfplots@tokb=\toks52
\t@pgfplots@tokc=\toks53
\pgfplots@tmpa=\dimen318
\c@pgfplots@coordindex=\count478
\c@pgfplots@scanlineindex=\count479

(/Volumes/Macintosh SSD/local/texlive/2023/texmf-dist/tex/generic/pgfplots/sys/
pgfplotssysgeneric.code.tex))
(/Volumes/Macintosh SSD/local/texlive/2023/texmf-dist/tex/generic/pgfplots/libs
/pgfplotslibrary.code.tex)
(/Volumes/Macintosh SSD/local/texlive/2023/texmf-dist/tex/generic/pgfplots/oldp
gfcompatib/pgfplotsoldpgfsupp_loader.code.tex
(/Volumes/Macintosh SSD/local/texlive/2023/texmf-dist/tex/generic/pgf/libraries
/pgflibraryfpu.code.tex)
Package pgfplots: loading complementary utilities for your pgf version...
\t@pgf@toka=\toks54
\t@pgf@tokb=\toks55
\t@pgf@tokc=\toks56

(/Volumes/Macintosh SSD/local/texlive/2023/texmf-dist/tex/generic/pgfplots/oldp
gfcompatib/pgfplotsoldpgfsupp_pgfutil-common-lists.tex))
(/Volumes/Macintosh SSD/local/texlive/2023/texmf-dist/tex/generic/pgfplots/util
/pgfplotsutil.code.tex
(/Volumes/Macintosh SSD/local/texlive/2023/texmf-dist/tex/generic/pgfplots/list
structure/pgfplotsliststructure.code.tex)
(/Volumes/Macintosh SSD/local/texlive/2023/texmf-dist/tex/generic/pgfplots/list
structure/pgfplotsliststructureext.code.tex)
(/Volumes/Macintosh SSD/local/texlive/2023/texmf-dist/tex/generic/pgfplots/list
structure/pgfplotsarray.code.tex
\c@pgfplotsarray@tmp=\count480
)
(/Volumes/Macintosh SSD/local/texlive/2023/texmf-dist/tex/generic/pgfplots/list
structure/pgfplotsmatrix.code.tex)
(/Volumes/Macintosh SSD/local/texlive/2023/texmf-dist/tex/generic/pgfplots/numt
able/pgfplotstableshared.code.tex
\c@pgfplotstable@counta=\count481
\t@pgfplotstable@a=\toks57
)
(/Volumes/Macintosh SSD/local/texlive/2023/texmf-dist/tex/generic/pgfplots/list
structure/pgfplotsdeque.code.tex)
(/Volumes/Macintosh SSD/local/texlive/2023/texmf-dist/tex/generic/pgfplots/util
/pgfplotsbinary.code.tex
(/Volumes/Macintosh SSD/local/texlive/2023/texmf-dist/tex/generic/pgfplots/util
/pgfplotsbinary.data.code.tex))
(/Volumes/Macintosh SSD/local/texlive/2023/texmf-dist/tex/generic/pgfplots/util
/pgfplotsutil.verb.code.tex)
(/Volumes/Macintosh SSD/local/texlive/2023/texmf-dist/tex/generic/pgfplots/libs
/pgflibrarypgfplots.surfshading.code.tex
\c@pgfplotslibrarysurf@no=\count482

(/Volumes/Macintosh SSD/local/texlive/2023/texmf-dist/tex/generic/pgfplots/sys/
pgflibrarypgfplots.surfshading.pgfsys-pdftex.def)))
(/Volumes/Macintosh SSD/local/texlive/2023/texmf-dist/tex/generic/pgfplots/util
/pgfplotscolormap.code.tex
(/Volumes/Macintosh SSD/local/texlive/2023/texmf-dist/tex/generic/pgfplots/util
/pgfplotscolor.code.tex))
(/Volumes/Macintosh SSD/local/texlive/2023/texmf-dist/tex/generic/pgfplots/pgfp
lotsstackedplots.code.tex)
(/Volumes/Macintosh SSD/local/texlive/2023/texmf-dist/tex/generic/pgfplots/pgfp
lotsplothandlers.code.tex
(/Volumes/Macintosh SSD/local/texlive/2023/texmf-dist/tex/generic/pgfplots/pgfp
lotsmeshplothandler.code.tex
(/Volumes/Macintosh SSD/local/texlive/2023/texmf-dist/tex/generic/pgfplots/pgfp
lotsmeshplotimage.code.tex)))
(/Volumes/Macintosh SSD/local/texlive/2023/texmf-dist/tex/generic/pgfplots/pgfp
lots.scaling.code.tex)
(/Volumes/Macintosh SSD/local/texlive/2023/texmf-dist/tex/generic/pgfplots/pgfp
lotscoordprocessing.code.tex)
(/Volumes/Macintosh SSD/local/texlive/2023/texmf-dist/tex/generic/pgfplots/pgfp
lots.errorbars.code.tex)
(/Volumes/Macintosh SSD/local/texlive/2023/texmf-dist/tex/generic/pgfplots/pgfp
lots.markers.code.tex)
(/Volumes/Macintosh SSD/local/texlive/2023/texmf-dist/tex/generic/pgfplots/pgfp
lotsticks.code.tex)
(/Volumes/Macintosh SSD/local/texlive/2023/texmf-dist/tex/generic/pgfplots/pgfp
lots.paths.code.tex)
(/Volumes/Macintosh SSD/local/texlive/2023/texmf-dist/tex/generic/pgf/frontendl
ayer/tikz/libraries/tikzlibrarydecorations.code.tex
(/Volumes/Macintosh SSD/local/texlive/2023/texmf-dist/tex/generic/pgf/modules/p
gfmoduledecorations.code.tex
\pgfdecoratedcompleteddistance=\dimen319
\pgfdecoratedremainingdistance=\dimen320
\pgfdecoratedinputsegmentcompleteddistance=\dimen321
\pgfdecoratedinputsegmentremainingdistance=\dimen322
\pgf@decorate@distancetomove=\dimen323
\pgf@decorate@repeatstate=\count483
\pgfdecorationsegmentamplitude=\dimen324
\pgfdecorationsegmentlength=\dimen325
)
\tikz@lib@dec@box=\box83
)
(/Volumes/Macintosh SSD/local/texlive/2023/texmf-dist/tex/generic/pgf/frontendl
ayer/tikz/libraries/tikzlibrarydecorations.pathmorphing.code.tex
(/Volumes/Macintosh SSD/local/texlive/2023/texmf-dist/tex/generic/pgf/libraries
/decorations/pgflibrarydecorations.pathmorphing.code.tex))
(/Volumes/Macintosh SSD/local/texlive/2023/texmf-dist/tex/generic/pgf/frontendl
ayer/tikz/libraries/tikzlibrarydecorations.pathreplacing.code.tex
(/Volumes/Macintosh SSD/local/texlive/2023/texmf-dist/tex/generic/pgf/libraries
/decorations/pgflibrarydecorations.pathreplacing.code.tex))
(/Volumes/Macintosh SSD/local/texlive/2023/texmf-dist/tex/generic/pgfplots/libs
/tikzlibrarypgfplots.contourlua.code.tex)
\pgfplots@numplots=\count484
\pgfplots@xmin@reg=\dimen326
\pgfplots@xmax@reg=\dimen327
\pgfplots@ymin@reg=\dimen328
\pgfplots@ymax@reg=\dimen329
\pgfplots@zmin@reg=\dimen330
\pgfplots@zmax@reg=\dimen331
)
(/Volumes/Macintosh SSD/local/texlive/2023/texmf-dist/tex/generic/pgf/frontendl
ayer/tikz/libraries/tikzlibraryplotmarks.code.tex
File: tikzlibraryplotmarks.code.tex 2023-01-15 v3.1.10 (3.1.10)

(/Volumes/Macintosh SSD/local/texlive/2023/texmf-dist/tex/generic/pgf/libraries
/pgflibraryplotmarks.code.tex
File: pgflibraryplotmarks.code.tex 2023-01-15 v3.1.10 (3.1.10)
)))
(/Volumes/Macintosh SSD/local/texlive/2023/texmf-dist/tex/generic/pgf/frontendl
ayer/tikz/libraries/tikzlibrarychains.code.tex
File: tikzlibrarychains.code.tex 2023-01-15 v3.1.10 (3.1.10)

(/Volumes/Macintosh SSD/local/texlive/2023/texmf-dist/tex/generic/pgf/frontendl
ayer/tikz/libraries/tikzlibrarypositioning.code.tex
File: tikzlibrarypositioning.code.tex 2023-01-15 v3.1.10 (3.1.10)
))
(/Volumes/Macintosh SSD/local/texlive/2023/texmf-dist/tex/generic/pgf/frontendl
ayer/tikz/libraries/tikzlibraryshapes.multipart.code.tex
File: tikzlibraryshapes.multipart.code.tex 2023-01-15 v3.1.10 (3.1.10)

(/Volumes/Macintosh SSD/local/texlive/2023/texmf-dist/tex/generic/pgf/libraries
/shapes/pgflibraryshapes.multipart.code.tex
File: pgflibraryshapes.multipart.code.tex 2023-01-15 v3.1.10 (3.1.10)
\pgfnodepartlowerbox=\box84
\pgfnodeparttwobox=\box85
\pgfnodepartthreebox=\box86
\pgfnodepartfourbox=\box87
\pgfnodeparttwentybox=\box88
\pgfnodepartnineteenbox=\box89
\pgfnodeparteighteenbox=\box90
\pgfnodepartseventeenbox=\box91
\pgfnodepartsixteenbox=\box92
\pgfnodepartfifteenbox=\box93
\pgfnodepartfourteenbox=\box94
\pgfnodepartthirteenbox=\box95
\pgfnodeparttwelvebox=\box96
\pgfnodepartelevenbox=\box97
\pgfnodeparttenbox=\box98
\pgfnodepartninebox=\box99
\pgfnodeparteightbox=\box100
\pgfnodepartsevenbox=\box101
\pgfnodepartsixbox=\box102
\pgfnodepartfivebox=\box103
))
(/Volumes/Macintosh SSD/local/texlive/2023/texmf-dist/tex/generic/pgf/frontendl
ayer/tikz/libraries/tikzlibraryshapes.code.tex
File: tikzlibraryshapes.code.tex 2023-01-15 v3.1.10 (3.1.10)

(/Volumes/Macintosh SSD/local/texlive/2023/texmf-dist/tex/generic/pgf/frontendl
ayer/tikz/libraries/tikzlibraryshapes.geometric.code.tex
File: tikzlibraryshapes.geometric.code.tex 2023-01-15 v3.1.10 (3.1.10)

(/Volumes/Macintosh SSD/local/texlive/2023/texmf-dist/tex/generic/pgf/libraries
/shapes/pgflibraryshapes.geometric.code.tex
File: pgflibraryshapes.geometric.code.tex 2023-01-15 v3.1.10 (3.1.10)
))
(/Volumes/Macintosh SSD/local/texlive/2023/texmf-dist/tex/generic/pgf/frontendl
ayer/tikz/libraries/tikzlibraryshapes.misc.code.tex
File: tikzlibraryshapes.misc.code.tex 2023-01-15 v3.1.10 (3.1.10)

(/Volumes/Macintosh SSD/local/texlive/2023/texmf-dist/tex/generic/pgf/libraries
/shapes/pgflibraryshapes.misc.code.tex
File: pgflibraryshapes.misc.code.tex 2023-01-15 v3.1.10 (3.1.10)
))
(/Volumes/Macintosh SSD/local/texlive/2023/texmf-dist/tex/generic/pgf/frontendl
ayer/tikz/libraries/tikzlibraryshapes.symbols.code.tex
File: tikzlibraryshapes.symbols.code.tex 2023-01-15 v3.1.10 (3.1.10)

(/Volumes/Macintosh SSD/local/texlive/2023/texmf-dist/tex/generic/pgf/libraries
/shapes/pgflibraryshapes.symbols.code.tex
File: pgflibraryshapes.symbols.code.tex 2023-01-15 v3.1.10 (3.1.10)
))
(/Volumes/Macintosh SSD/local/texlive/2023/texmf-dist/tex/generic/pgf/frontendl
ayer/tikz/libraries/tikzlibraryshapes.arrows.code.tex
File: tikzlibraryshapes.arrows.code.tex 2023-01-15 v3.1.10 (3.1.10)

(/Volumes/Macintosh SSD/local/texlive/2023/texmf-dist/tex/generic/pgf/libraries
/shapes/pgflibraryshapes.arrows.code.tex
File: pgflibraryshapes.arrows.code.tex 2023-01-15 v3.1.10 (3.1.10)
))
(/Volumes/Macintosh SSD/local/texlive/2023/texmf-dist/tex/generic/pgf/frontendl
ayer/tikz/libraries/tikzlibraryshapes.callouts.code.tex
(/Volumes/Macintosh SSD/local/texlive/2023/texmf-dist/tex/generic/pgf/libraries
/shapes/pgflibraryshapes.callouts.code.tex)))
(/Volumes/Macintosh SSD/local/texlive/2023/texmf-dist/tex/generic/pgf/frontendl
ayer/tikz/libraries/tikzlibraryarrows.code.tex
File: tikzlibraryarrows.code.tex 2023-01-15 v3.1.10 (3.1.10)

(/Volumes/Macintosh SSD/local/texlive/2023/texmf-dist/tex/generic/pgf/libraries
/pgflibraryarrows.code.tex
File: pgflibraryarrows.code.tex 2023-01-15 v3.1.10 (3.1.10)
\arrowsize=\dimen332
))
(/Volumes/Macintosh SSD/local/texlive/2023/texmf-dist/tex/generic/pgf/libraries
/pgflibraryarrows.meta.code.tex
File: pgflibraryarrows.meta.code.tex 2023-01-15 v3.1.10 (3.1.10)
\pgfarrowinset=\dimen333
\pgfarrowlength=\dimen334
\pgfarrowwidth=\dimen335
\pgfarrowlinewidth=\dimen336
)
(/Volumes/Macintosh SSD/local/texlive/2023/texmf-dist/tex/generic/pgf/frontendl
ayer/tikz/libraries/tikzlibraryfit.code.tex
File: tikzlibraryfit.code.tex 2023-01-15 v3.1.10 (3.1.10)
)
(/Volumes/Macintosh SSD/local/texlive/2023/texmf-dist/tex/latex/tools/array.sty
Package: array 2022/09/04 v2.5g Tabular extension package (FMi)
\col@sep=\dimen337
\ar@mcellbox=\box104
\extrarowheight=\dimen338
\NC@list=\toks58
\extratabsurround=\skip94
\backup@length=\skip95
\ar@cellbox=\box105
)
(/Volumes/Macintosh SSD/local/texlive/2023/texmf-dist/tex/latex/booktabs/bookta
bs.sty
Package: booktabs 2020/01/12 v1.61803398 Publication quality tables
\heavyrulewidth=\dimen339
\lightrulewidth=\dimen340
\cmidrulewidth=\dimen341
\belowrulesep=\dimen342
\belowbottomsep=\dimen343
\aboverulesep=\dimen344
\abovetopsep=\dimen345
\cmidrulesep=\dimen346
\cmidrulekern=\dimen347
\defaultaddspace=\dimen348
\@cmidla=\count485
\@cmidlb=\count486
\@aboverulesep=\dimen349
\@belowrulesep=\dimen350
\@thisruleclass=\count487
\@lastruleclass=\count488
\@thisrulewidth=\dimen351
)
(/Volumes/Macintosh SSD/local/texlive/2023/texmf-dist/tex/latex/float/float.sty
Package: float 2001/11/08 v1.3d Float enhancements (AL)
\c@float@type=\count489
\float@exts=\toks59
\float@box=\box106
\@float@everytoks=\toks60
\@floatcapt=\box107
)
(/Volumes/Macintosh SSD/local/texlive/2023/texmf-dist/tex/latex/colortbl/colort
bl.sty
Package: colortbl 2022/06/20 v1.0f Color table columns (DPC)
\everycr=\toks61
\minrowclearance=\skip96
\rownum=\count490
)
(/Volumes/Macintosh SSD/local/texlive/2023/texmf-dist/tex/latex/enumitem/enumit
em.sty
Package: enumitem 2019/06/20 v3.9 Customized lists
\labelindent=\skip97
\enit@outerparindent=\dimen352
\enit@toks=\toks62
\enit@inbox=\box108
\enit@count@id=\count491
\enitdp@description=\count492
)
(/Volumes/Macintosh SSD/local/texlive/2023/texmf-dist/tex/latex/listings/listin
gs.sty
\lst@mode=\count493
\lst@gtempboxa=\box109
\lst@token=\toks63
\lst@length=\count494
\lst@currlwidth=\dimen353
\lst@column=\count495
\lst@pos=\count496
\lst@lostspace=\dimen354
\lst@width=\dimen355
\lst@newlines=\count497
\lst@lineno=\count498
\lst@maxwidth=\dimen356

(/Volumes/Macintosh SSD/local/texlive/2023/texmf-dist/tex/latex/listings/lstmis
c.sty
File: lstmisc.sty 2023/02/27 1.9 (Carsten Heinz)
\c@lstnumber=\count499
\lst@skipnumbers=\count500
\lst@framebox=\box110
)
(/Volumes/Macintosh SSD/local/texlive/2023/texmf-dist/tex/latex/listings/listin
gs.cfg
File: listings.cfg 2023/02/27 1.9 listings configuration
))
Package: listings 2023/02/27 1.9 (Carsten Heinz)

(/Volumes/Macintosh SSD/local/texlive/2023/texmf-dist/tex/latex/algorithms/algo
rithm.sty
Package: algorithm 2009/08/24 v0.1 Document Style `algorithm' - floating enviro
nment
\@float@every@algorithm=\toks64
\c@algorithm=\count501
)
(/Volumes/Macintosh SSD/local/texlive/2023/texmf-dist/tex/latex/algorithmicx/al
gpseudocode.sty
Package: algpseudocode 

(/Volumes/Macintosh SSD/local/texlive/2023/texmf-dist/tex/latex/algorithmicx/al
gorithmicx.sty
Package: algorithmicx 2005/04/27 v1.2 Algorithmicx

Document Style algorithmicx 1.2 - a greatly improved `algorithmic' style
\c@ALG@line=\count502
\c@ALG@rem=\count503
\c@ALG@nested=\count504
\ALG@tlm=\skip98
\ALG@thistlm=\skip99
\c@ALG@Lnr=\count505
\c@ALG@blocknr=\count506
\c@ALG@storecount=\count507
\c@ALG@tmpcounter=\count508
\ALG@tmplength=\skip100
)
Document Style - pseudocode environments for use with the `algorithmicx' style
) (/Volumes/Macintosh SSD/local/texlive/2023/texmf-dist/tex/latex/tipa/tipa.sty
Package: tipa 2002/08/08 TIPA version 1.1

(/Volumes/Macintosh SSD/local/texlive/2023/texmf-dist/tex/latex/base/fontenc.st
y
Package: fontenc 2021/04/29 v2.0v Standard LaTeX package

(/Volumes/Macintosh SSD/local/texlive/2023/texmf-dist/tex/latex/tipa/t3enc.def
File: t3enc.def 2001/12/31 T3 encoding
Now handling font encoding T3 ...
... no UTF-8 mapping file for font encoding T3
LaTeX Font Info:    Font shape `OT1/cmss/b/n' in size <10.95> not available
(Font)              Font shape `OT1/cmss/bx/n' tried instead on input line 356.

LaTeX Font Info:    Trying to load font information for OT1+lmss on input line 
357.

(/Volumes/Macintosh SSD/local/texlive/2023/texmf-dist/tex/latex/lm/ot1lmss.fd
File: ot1lmss.fd 2015/05/01 v1.6.1 Font defs for Latin Modern
))))
(/Volumes/Macintosh SSD/local/texlive/2023/texmf-dist/tex/latex/blindtext/blind
text.sty
Package: blindtext 2012/01/06 V2.0 blindtext-Package

(/Volumes/Macintosh SSD/local/texlive/2023/texmf-dist/tex/latex/tools/xspace.st
y
Package: xspace 2014/10/28 v1.13 Space after command names (DPC,MH)
)
\c@blindtext=\count509
\c@Blindtext=\count510
\c@blind@countparstart=\count511
\blind@countxx=\count512
\blindtext@numBlindtext=\count513
\blind@countyy=\count514
\c@blindlist=\count515
\c@blindlistlevel=\count516
\c@blindlist@level=\count517
\blind@listitem=\count518
\c@blind@listcount=\count519
\c@blind@levelcount=\count520
\blind@mathformula=\count521
\blind@Mathformula=\count522
\c@blind@randomcount=\count523
\c@blind@randommax=\count524
\c@blind@pangramcount=\count525
\c@blind@pangrammax=\count526
)
(/Volumes/Macintosh SSD/local/texlive/2023/texmf-dist/tex/latex/tcolorbox/tcolo
rbox.sty
Package: tcolorbox 2023/02/12 version 6.0.1 text color boxes

(/Volumes/Macintosh SSD/local/texlive/2023/texmf-dist/tex/latex/tools/verbatim.
sty
Package: verbatim 2022-07-02 v1.5u LaTeX2e package for verbatim enhancements
\every@verbatim=\toks65
\verbatim@line=\toks66
\verbatim@in@stream=\read5
)
(/Volumes/Macintosh SSD/local/texlive/2023/texmf-dist/tex/latex/environ/environ
.sty
Package: environ 2014/05/04 v0.3 A new way to define environments

(/Volumes/Macintosh SSD/local/texlive/2023/texmf-dist/tex/latex/trimspaces/trim
spaces.sty
Package: trimspaces 2009/09/17 v1.1 Trim spaces around a token list
))
\tcb@titlebox=\box111
\tcb@upperbox=\box112
\tcb@lowerbox=\box113
\tcb@phantombox=\box114
\c@tcbbreakpart=\count527
\c@tcblayer=\count528
\c@tcolorbox@number=\count529
\tcb@temp=\box115
\tcb@temp=\box116
\tcb@temp=\box117
\tcb@temp=\box118
)
(/Volumes/Macintosh SSD/local/texlive/2023/texmf-dist/tex/latex/csquotes/csquot
es.sty
Package: csquotes 2022-09-14 v5.2n context-sensitive quotations (JAW)
\csq@reset=\count530
\csq@gtype=\count531
\csq@glevel=\count532
\csq@qlevel=\count533
\csq@maxlvl=\count534
\csq@tshold=\count535
\csq@ltx@everypar=\toks67

(/Volumes/Macintosh SSD/local/texlive/2023/texmf-dist/tex/latex/csquotes/csquot
es.def
File: csquotes.def 2022-09-14 v5.2n csquotes generic definitions (JAW)
)
Package csquotes Info: Trying to load configuration file 'csquotes.cfg'...
Package csquotes Info: ... configuration file loaded successfully.

(/Volumes/Macintosh SSD/local/texlive/2023/texmf-dist/tex/latex/csquotes/csquot
es.cfg
File: csquotes.cfg 
))
\c@satz=\count536
\c@fundamentalsatz=\count537
\c@intuition=\count538
\c@intuitionUndBeispiel=\count539
\c@beispiel=\count540
\c@korollar=\count541
\c@bemerkung=\count542
\c@vorbemerkung=\count543
)
(/Volumes/Macintosh SSD/local/texlive/2023/texmf-dist/tex/latex/beamer/beamerth
emeMadrid.sty
(/Volumes/Macintosh SSD/local/texlive/2023/texmf-dist/tex/latex/beamer/beamerco
lorthemewhale.sty)
(/Volumes/Macintosh SSD/local/texlive/2023/texmf-dist/tex/latex/beamer/beamerco
lorthemeorchid.sty)
(/Volumes/Macintosh SSD/local/texlive/2023/texmf-dist/tex/latex/beamer/beamerin
nerthemerounded.sty)
(/Volumes/Macintosh SSD/local/texlive/2023/texmf-dist/tex/latex/beamer/beamerou
terthemeinfolines.sty))
Package csquotes Info: Checking for multilingual support...
Package csquotes Info: ... found 'babel' package.
Package csquotes Info: Adjusting default style.
Package csquotes Info: Redefining alias 'default' -> 'ngerman'.
 (./Vortrag.aux)
\openout1 = `Vortrag.aux'.

LaTeX Font Info:    Checking defaults for OML/cmm/m/it on input line 21.
LaTeX Font Info:    ... okay on input line 21.
LaTeX Font Info:    Checking defaults for OMS/cmsy/m/n on input line 21.
LaTeX Font Info:    ... okay on input line 21.
LaTeX Font Info:    Checking defaults for OT1/cmr/m/n on input line 21.
LaTeX Font Info:    ... okay on input line 21.
LaTeX Font Info:    Checking defaults for T1/cmr/m/n on input line 21.
LaTeX Font Info:    ... okay on input line 21.
LaTeX Font Info:    Checking defaults for TS1/cmr/m/n on input line 21.
LaTeX Font Info:    ... okay on input line 21.
LaTeX Font Info:    Checking defaults for OMX/cmex/m/n on input line 21.
LaTeX Font Info:    ... okay on input line 21.
LaTeX Font Info:    Checking defaults for U/cmr/m/n on input line 21.
LaTeX Font Info:    ... okay on input line 21.
LaTeX Font Info:    Checking defaults for PD1/pdf/m/n on input line 21.
LaTeX Font Info:    ... okay on input line 21.
LaTeX Font Info:    Checking defaults for PU/pdf/m/n on input line 21.
LaTeX Font Info:    ... okay on input line 21.
LaTeX Font Info:    Checking defaults for T3/cmr/m/n on input line 21.
LaTeX Font Info:    Trying to load font information for T3+cmr on input line 21
.

(/Volumes/Macintosh SSD/local/texlive/2023/texmf-dist/tex/latex/tipa/t3cmr.fd
File: t3cmr.fd 2001/12/31 TIPA font definitions
)
LaTeX Font Info:    ... okay on input line 21.

*geometry* driver: auto-detecting
*geometry* detected driver: pdftex
*geometry* verbose mode - [ preamble ] result:
* driver: pdftex
* paper: custom
* layout: <same size as paper>
* layoutoffset:(h,v)=(0.0pt,0.0pt)
* modes: includehead includefoot 
* h-part:(L,W,R)=(10.95pt, 342.29536pt, 10.95pt)
* v-part:(T,H,B)=(0.0pt, 273.14662pt, 0.0pt)
* \paperwidth=364.19536pt
* \paperheight=273.14662pt
* \textwidth=342.29536pt
* \textheight=244.6939pt
* \oddsidemargin=-61.31999pt
* \evensidemargin=-61.31999pt
* \topmargin=-72.26999pt
* \headheight=14.22636pt
* \headsep=0.0pt
* \topskip=11.0pt
* \footskip=14.22636pt
* \marginparwidth=4.0pt
* \marginparsep=10.0pt
* \columnsep=10.0pt
* \skip\footins=10.0pt plus 4.0pt minus 2.0pt
* \hoffset=0.0pt
* \voffset=0.0pt
* \mag=1000
* \@twocolumnfalse
* \@twosidefalse
* \@mparswitchfalse
* \@reversemarginfalse
* (1in=72.27pt=25.4mm, 1cm=28.453pt)


(/Volumes/Macintosh SSD/local/texlive/2023/texmf-dist/tex/context/base/mkii/sup
p-pdf.mkii
[Loading MPS to PDF converter (version 2006.09.02).]
\scratchcounter=\count544
\scratchdimen=\dimen357
\scratchbox=\box119
\nofMPsegments=\count545
\nofMParguments=\count546
\everyMPshowfont=\toks68
\MPscratchCnt=\count547
\MPscratchDim=\dimen358
\MPnumerator=\count548
\makeMPintoPDFobject=\count549
\everyMPtoPDFconversion=\toks69
)
(/Volumes/Macintosh SSD/local/texlive/2023/texmf-dist/tex/latex/epstopdf-pkg/ep
stopdf-base.sty
Package: epstopdf-base 2020-01-24 v2.11 Base part for package epstopdf
Package epstopdf-base Info: Redefining graphics rule for `.eps' on input line 4
85.

(/Volumes/Macintosh SSD/local/texlive/2023/texmf-dist/tex/latex/latexconfig/eps
topdf-sys.cfg
File: epstopdf-sys.cfg 2010/07/13 v1.3 Configuration of (r)epstopdf for TeX Liv
e
))
Package hyperref Info: Link coloring ON on input line 21.
 (./Vortrag.out) (./Vortrag.out)
\@outlinefile=\write6
\openout6 = `Vortrag.out'.

LaTeX Font Info:    Overwriting symbol font `operators' in version `normal'
(Font)                  OT1/lmr/m/n --> OT1/cmss/m/n on input line 21.
LaTeX Font Info:    Overwriting symbol font `operators' in version `bold'
(Font)                  OT1/lmr/bx/n --> OT1/cmss/b/n on input line 21.
LaTeX Font Info:    Overwriting symbol font `operators' in version `normal'
(Font)                  OT1/cmss/m/n --> OT1/lmss/m/n on input line 21.
LaTeX Font Info:    Overwriting symbol font `operators' in version `bold'
(Font)                  OT1/cmss/b/n --> OT1/lmss/b/n on input line 21.
\symnumbers=\mathgroup7
\sympureletters=\mathgroup8
LaTeX Font Info:    Overwriting math alphabet `\mathrm' in version `normal'
(Font)                  OT1/lmss/m/n --> OT1/lmr/m/n on input line 21.
LaTeX Font Info:    Redeclaring math alphabet \mathbf on input line 21.
LaTeX Font Info:    Overwriting math alphabet `\mathbf' in version `normal'
(Font)                  OT1/lmr/bx/n --> OT1/lmss/b/n on input line 21.
LaTeX Font Info:    Overwriting math alphabet `\mathbf' in version `bold'
(Font)                  OT1/lmr/bx/n --> OT1/lmss/b/n on input line 21.
LaTeX Font Info:    Redeclaring math alphabet \mathsf on input line 21.
LaTeX Font Info:    Overwriting math alphabet `\mathsf' in version `normal'
(Font)                  OT1/lmss/m/n --> OT1/lmss/m/n on input line 21.
LaTeX Font Info:    Overwriting math alphabet `\mathsf' in version `bold'
(Font)                  OT1/lmss/bx/n --> OT1/lmss/m/n on input line 21.
LaTeX Font Info:    Redeclaring math alphabet \mathit on input line 21.
LaTeX Font Info:    Overwriting math alphabet `\mathit' in version `normal'
(Font)                  OT1/lmr/m/it --> OT1/lmss/m/it on input line 21.
LaTeX Font Info:    Overwriting math alphabet `\mathit' in version `bold'
(Font)                  OT1/lmr/bx/it --> OT1/lmss/m/it on input line 21.
LaTeX Font Info:    Redeclaring math alphabet \mathtt on input line 21.
LaTeX Font Info:    Overwriting math alphabet `\mathtt' in version `normal'
(Font)                  OT1/lmtt/m/n --> OT1/zi4/m/n on input line 21.
LaTeX Font Info:    Overwriting math alphabet `\mathtt' in version `bold'
(Font)                  OT1/lmtt/m/n --> OT1/zi4/m/n on input line 21.
LaTeX Font Info:    Overwriting symbol font `numbers' in version `bold'
(Font)                  OT1/lmss/m/n --> OT1/lmss/b/n on input line 21.
LaTeX Font Info:    Overwriting symbol font `pureletters' in version `bold'
(Font)                  OT1/lmss/m/it --> OT1/lmss/b/it on input line 21.
LaTeX Font Info:    Overwriting math alphabet `\mathrm' in version `bold'
(Font)                  OT1/lmss/b/n --> OT1/lmr/b/n on input line 21.
LaTeX Font Info:    Overwriting math alphabet `\mathbf' in version `bold'
(Font)                  OT1/lmss/b/n --> OT1/lmss/b/n on input line 21.
LaTeX Font Info:    Overwriting math alphabet `\mathsf' in version `bold'
(Font)                  OT1/lmss/m/n --> OT1/lmss/b/n on input line 21.
LaTeX Font Info:    Overwriting math alphabet `\mathit' in version `bold'
(Font)                  OT1/lmss/m/it --> OT1/lmss/b/it on input line 21.
LaTeX Font Info:    Overwriting math alphabet `\mathtt' in version `bold'
(Font)                  OT1/zi4/m/n --> OT1/zi4/b/n on input line 21.

(/Volumes/Macintosh SSD/local/texlive/2023/texmf-dist/tex/latex/translator/tran
slator-basic-dictionary-English.dict
Dictionary: translator-basic-dictionary, Language: English 
)
(/Volumes/Macintosh SSD/local/texlive/2023/texmf-dist/tex/latex/translator/tran
slator-bibliography-dictionary-English.dict
Dictionary: translator-bibliography-dictionary, Language: English 
)
(/Volumes/Macintosh SSD/local/texlive/2023/texmf-dist/tex/latex/translator/tran
slator-environment-dictionary-English.dict
Dictionary: translator-environment-dictionary, Language: English 
)
(/Volumes/Macintosh SSD/local/texlive/2023/texmf-dist/tex/latex/translator/tran
slator-months-dictionary-English.dict
Dictionary: translator-months-dictionary, Language: English 
)
(/Volumes/Macintosh SSD/local/texlive/2023/texmf-dist/tex/latex/translator/tran
slator-numbers-dictionary-English.dict
Dictionary: translator-numbers-dictionary, Language: English 
)
(/Volumes/Macintosh SSD/local/texlive/2023/texmf-dist/tex/latex/translator/tran
slator-theorem-dictionary-English.dict
Dictionary: translator-theorem-dictionary, Language: English 
)
Package biblatex Info: Trying to load language 'ngerman'...
Package biblatex Info: ... file 'ngerman.lbx' found.

(/Volumes/Macintosh SSD/local/texlive/2023/texmf-dist/tex/latex/biblatex/lbx/ng
erman.lbx
File: ngerman.lbx 2023/03/05 v3.19 biblatex localization (PK/MW)
Package biblatex Info: Trying to load language 'german'...
Package biblatex Info: ... file 'german.lbx' found.

(/Volumes/Macintosh SSD/local/texlive/2023/texmf-dist/tex/latex/biblatex/lbx/ge
rman.lbx
File: german.lbx 2023/03/05 v3.19 biblatex localization (PK/MW)
)
Package biblatex Info: Trying to load language 'german'...
Package biblatex Info: ... file 'german.lbx' found.

(/Volumes/Macintosh SSD/local/texlive/2023/texmf-dist/tex/latex/biblatex/lbx/ge
rman.lbx
File: german.lbx 2023/03/05 v3.19 biblatex localization (PK/MW)
))
Package biblatex Info: Input encoding 'utf8' detected.
Package biblatex Info: Automatic encoding selection.
(biblatex)             Assuming data encoding 'utf8'.
Package biblatex Info: Input encoding 'utf8' detected.
Package biblatex Info: Data encoding 'utf8' specified.
(biblatex)             No need to reencode data.
\openout5 = `Vortrag-blx.bib'.

Package biblatex Info: Trying to load bibliographic data...
Package biblatex Info: ... file 'Vortrag.bbl' found.
 (./Vortrag.bbl)
Package biblatex Info: Reference section=0 on input line 21.
Package biblatex Info: Reference segment=0 on input line 21.

(/Volumes/Macintosh SSD/local/texlive/2023/texmf-dist/tex/latex/upquote/upquote
.sty
Package: upquote 2012/04/19 v1.3 upright-quote and grave-accent glyphs in verba
tim
)
Package pgfplots notification 'compat/show suggested version=true': document ha
s been generated with the most recent feature set (\pgfplotsset{compat=1.18}).

\c@lstlisting=\count550
(./Vortrag.nav) [1

{/Volumes/Macintosh SSD/local/texlive/2023/texmf-var/fonts/map/pdftex/updmap/pd
ftex.map}{/Volumes/Macintosh SSD/local/texlive/2023/texmf-dist/fonts/enc/dvips/
lm/lm-rm.enc}] (./Vortrag.toc) [2

]
LaTeX Font Info:    Trying to load font information for OML+lmm on input line 8
6.

(/Volumes/Macintosh SSD/local/texlive/2023/texmf-dist/tex/latex/lm/omllmm.fd
File: omllmm.fd 2015/05/01 v1.6.1 Font defs for Latin Modern
)
LaTeX Font Info:    Trying to load font information for OMS+lmsy on input line 
86.

(/Volumes/Macintosh SSD/local/texlive/2023/texmf-dist/tex/latex/lm/omslmsy.fd
File: omslmsy.fd 2015/05/01 v1.6.1 Font defs for Latin Modern
)
LaTeX Font Info:    Trying to load font information for OMX+lmex on input line 
86.

(/Volumes/Macintosh SSD/local/texlive/2023/texmf-dist/tex/latex/lm/omxlmex.fd
File: omxlmex.fd 2015/05/01 v1.6.1 Font defs for Latin Modern
)
LaTeX Font Info:    External font `lmex10' loaded for size
(Font)              <10.95> on input line 86.
LaTeX Font Info:    External font `lmex10' loaded for size
(Font)              <8> on input line 86.
LaTeX Font Info:    External font `lmex10' loaded for size
(Font)              <6> on input line 86.
LaTeX Font Info:    Trying to load font information for U+msa on input line 86.


(/Volumes/Macintosh SSD/local/texlive/2023/texmf-dist/tex/latex/amsfonts/umsa.f
d
File: umsa.fd 2013/01/14 v3.01 AMS symbols A
)
LaTeX Font Info:    Trying to load font information for U+msb on input line 86.


(/Volumes/Macintosh SSD/local/texlive/2023/texmf-dist/tex/latex/amsfonts/umsb.f
d
File: umsb.fd 2013/01/14 v3.01 AMS symbols B
)
LaTeX Font Info:    Trying to load font information for U+stmry on input line 8
6.

(/Volumes/Macintosh SSD/local/texlive/2023/texmf-dist/tex/latex/stmaryrd/Ustmry
.fd)
LaTeX Font Info:    Font shape `OT1/lmss/m/it' in size <10.95> not available
(Font)              Font shape `OT1/lmss/m/sl' tried instead on input line 86.
LaTeX Font Info:    Font shape `OT1/lmss/m/it' in size <8> not available
(Font)              Font shape `OT1/lmss/m/sl' tried instead on input line 86.
LaTeX Font Info:    Font shape `OT1/lmss/m/it' in size <6> not available
(Font)              Font shape `OT1/lmss/m/sl' tried instead on input line 86.
 [3

{/Volumes/Macintosh SSD/local/texlive/2023/texmf-dist/fonts/enc/dvips/lm/lm-mat
hsy.enc}{/Volumes/Macintosh SSD/local/texlive/2023/texmf-dist/fonts/enc/dvips/l
m/lm-mathit.enc}] [4

] [5

] (./Vortrag.toc) [6

]
LaTeX Font Info:    Trying to load font information for U+dsrom on input line 1
23.

(/Volumes/Macintosh SSD/local/texlive/2023/texmf-dist/tex/latex/doublestroke/Ud
srom.fd
File: Udsrom.fd 1995/08/01 v0.1 Double stroke roman font definitions
) [7

{/Volumes/Macintosh SSD/local/texlive/2023/texmf-dist/fonts/enc/dvips/lm/lm-mat
hex.enc}] [8

] [9

] [10

] (./Vortrag.toc) [11

] [12

] [13

] [14

] [15

]
(./Vortrag.toc) [16

] [17

] [18

] [19

] [20

] [21

] [22

]
LaTeX Font Info:    Trying to load font information for OT1+lmr on input line 3
54.

(/Volumes/Macintosh SSD/local/texlive/2023/texmf-dist/tex/latex/lm/ot1lmr.fd
File: ot1lmr.fd 2015/05/01 v1.6.1 Font defs for Latin Modern
)
[23

] [24

] [25

] [26

]
LaTeX Font Info:    External font `lmex10' loaded for size
(Font)              <5> on input line 440.
LaTeX Font Info:    Font shape `OT1/lmss/m/it' in size <5> not available
(Font)              Font shape `OT1/lmss/m/sl' tried instead on input line 440.

LaTeX Font Info:    External font `lmex10' loaded for size
(Font)              <10> on input line 440.
LaTeX Font Info:    External font `lmex10' loaded for size
(Font)              <7> on input line 440.
LaTeX Font Info:    Font shape `OT1/lmss/m/it' in size <10> not available
(Font)              Font shape `OT1/lmss/m/sl' tried instead on input line 440.

LaTeX Font Info:    Font shape `OT1/lmss/m/it' in size <7> not available
(Font)              Font shape `OT1/lmss/m/sl' tried instead on input line 440.

 [27

] [28

] [29

] [30

] [31

] [32

] [33

] [34

] [35

] (./Vortrag.toc) [36

] [37

] [38

] [39

] [40

] [41

] [42

] [43

] [44

] [45

] [46

] [47

] [48

] [49

]
[50

] [51

] (./Vortrag.toc) [52

] [53

] [54

] [55

] [56

] [57

] [58

] [59

] [60

] [61

]
[62

] [63

] [64

] [65

] [66

] [67

] (./Vortrag.toc) [68

] [69

] [70

]

LaTeX Font Warning: Font shape `OT1/lmss/m/sc' in size <10.95> not available
(Font)              Font shape `OT1/lmr/m/sc' tried instead on input line 979.

LaTeX Font Info:    Trying to load font information for OT1+zi4 on input line 9
79.

(/Volumes/Macintosh SSD/local/texlive/2023/texmf-dist/tex/latex/inconsolata/ot1
zi4.fd
File: ot1zi4.fd 2018/01/14 OT1/zi4 (Inconsolata)
)
LaTeX Font Info:    Font shape `OT1/zi4/m/n' will be
(Font)              scaled to size 10.95pt on input line 979.
 [71

{/Volumes/Macintosh SSD/local/texlive/2023/texmf-dist/fonts/enc/dvips/lm/lm-rms
c.enc}{/Volumes/Macintosh SSD/local/texlive/2023/texmf-dist/fonts/enc/dvips/inc
onsolata/i4-ot1-0.enc}] [72


] [73


]
\tf@nav=\write7
\openout7 = `Vortrag.nav'.

\tf@toc=\write8
\openout8 = `Vortrag.toc'.

\tf@snm=\write9
\openout9 = `Vortrag.snm'.

 (./Vortrag.aux)
Package rerunfilecheck Info: File `Vortrag.out' has not changed.
(rerunfilecheck)             Checksum: 9F8C1263E39DA465031171569E4FA694;1256.
Package logreq Info: Writing requests to 'Vortrag.run.xml'.
\openout1 = `Vortrag.run.xml'.

 ) 
Here is how much of TeX's memory you used:
 54638 strings out of 476025
 1268144 string characters out of 5790017
 2062919 words of memory out of 5000000
 73940 multiletter control sequences out of 15000+600000
 586317 words of font info for 97 fonts, out of 8000000 for 9000
 1143 hyphenation exceptions out of 8191
 128i,18n,122p,1853b,2459s stack positions out of 10000i,1000n,20000p,200000b,200000s
</Volumes/Macintosh SSD/local/texlive/2023/texmf-dist/fonts/type1/public/inco
nsolata/Inconsolata-zi4r.pfb></Volumes/Macintosh SSD/local/texlive/2023/texmf-d
ist/fonts/type1/public/doublestroke/dsrom10.pfb></Volumes/Macintosh SSD/local/t
exlive/2023/texmf-dist/fonts/type1/public/lm/lmcsc10.pfb></Volumes/Macintosh SS
D/local/texlive/2023/texmf-dist/fonts/type1/public/lm/lmex10.pfb></Volumes/Maci
ntosh SSD/local/texlive/2023/texmf-dist/fonts/type1/public/lm/lmmi10.pfb></Volu
mes/Macintosh SSD/local/texlive/2023/texmf-dist/fonts/type1/public/lm/lmmi8.pfb
></Volumes/Macintosh SSD/local/texlive/2023/texmf-dist/fonts/type1/public/lm/lm
r10.pfb></Volumes/Macintosh SSD/local/texlive/2023/texmf-dist/fonts/type1/publi
c/lm/lmss10.pfb></Volumes/Macintosh SSD/local/texlive/2023/texmf-dist/fonts/typ
e1/public/lm/lmss12.pfb></Volumes/Macintosh SSD/local/texlive/2023/texmf-dist/f
onts/type1/public/lm/lmss8.pfb></Volumes/Macintosh SSD/local/texlive/2023/texmf
-dist/fonts/type1/public/lm/lmssbx10.pfb></Volumes/Macintosh SSD/local/texlive/
2023/texmf-dist/fonts/type1/public/lm/lmsso10.pfb></Volumes/Macintosh SSD/local
/texlive/2023/texmf-dist/fonts/type1/public/lm/lmsso8.pfb></Volumes/Macintosh S
SD/local/texlive/2023/texmf-dist/fonts/type1/public/lm/lmsy10.pfb></Volumes/Mac
intosh SSD/local/texlive/2023/texmf-dist/fonts/type1/public/lm/lmsy8.pfb></Volu
mes/Macintosh SSD/local/texlive/2023/texmf-dist/fonts/type1/public/amsfonts/sym
bols/msbm10.pfb>
Output written on Vortrag.pdf (73 pages, 360303 bytes).
PDF statistics:
 710 PDF objects out of 1000 (max. 8388607)
 582 compressed objects within 6 object streams
 166 named destinations out of 1000 (max. 500000)
 163 words of extra memory for PDF output out of 10000 (max. 10000000)

